#
# There is insufficient memory for the Java Runtime Environment to continue.
# Native memory allocation (malloc) failed to allocate 32744 bytes for ChunkPool::allocate
# Possible reasons:
#   The system is out of physical RAM or swap space
#   The process is running with CompressedOops enabled, and the Java Heap may be blocking the growth of the native heap
# Possible solutions:
#   Reduce memory load on the system
#   Increase physical memory or swap space
#   Check if swap backing store is full
#   Decrease Java heap size (-Xmx/-Xms)
#   Decrease number of Java threads
#   Decrease Java thread stack sizes (-Xss)
#   Set larger code cache with -XX:ReservedCodeCacheSize=
#   JVM is running with Unscaled Compressed Oops mode in which the Java heap is
#     placed in the first 4GB address space. The Java Heap base address is the
#     maximum limit for the native heap growth. Please use -XX:HeapBaseMinAddress
#     to set the Java Heap base and to place the Java Heap above 4GB virtual address.
# This output file may be truncated or incomplete.
#
#  Out of Memory Error (arena.cpp:78), pid=10140, tid=15028
#
# JRE version: OpenJDK Runtime Environment Temurin-17.0.1+12 (17.0.1+12) (build 17.0.1+12)
# Java VM: OpenJDK 64-Bit Server VM Temurin-17.0.1+12 (17.0.1+12, mixed mode, tiered, compressed oops, compressed class ptrs, parallel gc, windows-amd64)
# No core dump will be written. Minidumps are not enabled by default on client versions of Windows
#

---------------  S U M M A R Y ------------

Command Line: --add-modules=ALL-SYSTEM --add-opens=java.base/java.util=ALL-UNNAMED --add-opens=java.base/java.lang=ALL-UNNAMED --add-opens=java.base/sun.nio.fs=ALL-UNNAMED -Declipse.application=org.eclipse.jdt.ls.core.id1 -Dosgi.bundles.defaultStartLevel=4 -Declipse.product=org.eclipse.jdt.ls.core.product -Djava.import.generatesMetadataFilesAtProjectRoot=false -Dfile.encoding=utf8 -DwatchParentProcess=false -XX:+UseParallelGC -XX:GCTimeRatio=4 -XX:AdaptiveSizePolicyWeight=90 -Dsun.zip.disableMemoryMapping=true -Xmx1G -Xms100m -javaagent:c:\Users\Tan\.vscode\extensions\gabrielbb.vscode-lombok-1.0.1\server\lombok.jar -XX:+HeapDumpOnOutOfMemoryError -XX:HeapDumpPath=c:\Users\Tan\AppData\Roaming\Code\User\workspaceStorage\f7efcb3a16af17adf86edc57600d5e01\redhat.java c:\Users\Tan\.vscode\extensions\redhat.java-1.3.0\server\plugins\org.eclipse.equinox.launcher_1.6.400.v20210924-0641.jar -configuration c:\Users\Tan\AppData\Roaming\Code\User\globalStorage\redhat.java\1.3.0\config_win -data c:\Users\Tan\AppData\Roaming\Code\User\workspaceStorage\f7efcb3a16af17adf86edc57600d5e01\redhat.java\jdt_ws

Host: AMD Ryzen 3 3250U with Radeon Graphics         , 4 cores, 5G,  Windows 10 , 64 bit Build 19041 (10.0.19041.1503)
Time: Sun Feb 20 08:05:41 2022 SE Asia Standard Time elapsed time: 49.275015 seconds (0d 0h 0m 49s)

---------------  T H R E A D  ---------------

Current thread (0x000002774fdc9020):  JavaThread "C2 CompilerThread0" daemon [_thread_in_native, id=15028, stack(0x000000ec55b00000,0x000000ec55c00000)]


Current CompileTask:
C2:  49275 9883       4       org.eclipse.jdt.internal.compiler.parser.Parser::consumeToken (2275 bytes)

Stack: [0x000000ec55b00000,0x000000ec55c00000]
Native frames: (J=compiled Java code, j=interpreted, Vv=VM code, C=native code)
V  [jvm.dll+0x6744da]
V  [jvm.dll+0x82e144]
V  [jvm.dll+0x82f8ee]
V  [jvm.dll+0x82ff53]
V  [jvm.dll+0x245175]
V  [jvm.dll+0xabaa0]
V  [jvm.dll+0xabdec]
V  [jvm.dll+0xab96b]
V  [jvm.dll+0x651e0c]
V  [jvm.dll+0x32e31f]
V  [jvm.dll+0x32f8a9]
V  [jvm.dll+0x32d2ba]
V  [jvm.dll+0x32c96a]
V  [jvm.dll+0x218031]
V  [jvm.dll+0x217451]
V  [jvm.dll+0x1a355d]
V  [jvm.dll+0x226e38]
V  [jvm.dll+0x224f7c]
V  [jvm.dll+0x7e3f5b]
V  [jvm.dll+0x7de51a]
V  [jvm.dll+0x673305]
C  [ucrtbase.dll+0x21bb2]
C  [KERNEL32.DLL+0x17034]
C  [ntdll.dll+0x52651]


---------------  P R O C E S S  ---------------

Threads class SMR info:
_java_thread_list=0x000002775742c630, length=28, elements={
0x000002773a010bb0, 0x000002774fd87c40, 0x000002774fd8a710, 0x000002774fd997f0,
0x000002774fd9a2b0, 0x000002774fd9ab70, 0x000002774fd9b430, 0x000002774fdc9020,
0x000002774fdc95e0, 0x000002774fdfe300, 0x000002773a0cf680, 0x0000027751a7c020,
0x0000027752108670, 0x0000027752150370, 0x00000277521522b0, 0x00000277521567a0,
0x0000027751eb7e50, 0x00000277533a5470, 0x0000027751a2d570, 0x0000027751a2cbd0,
0x0000027751a2a550, 0x0000027751a2a080, 0x0000027751a2b890, 0x0000027751a2aa20,
0x0000027751a2bd60, 0x0000027751a2d0a0, 0x00000277533080e0, 0x0000027753307270
}

Java Threads: ( => current thread )
  0x000002773a010bb0 JavaThread "main" [_thread_blocked, id=11724, stack(0x000000ec55200000,0x000000ec55300000)]
  0x000002774fd87c40 JavaThread "Reference Handler" daemon [_thread_blocked, id=11760, stack(0x000000ec55500000,0x000000ec55600000)]
  0x000002774fd8a710 JavaThread "Finalizer" daemon [_thread_blocked, id=15316, stack(0x000000ec55600000,0x000000ec55700000)]
  0x000002774fd997f0 JavaThread "Signal Dispatcher" daemon [_thread_blocked, id=1404, stack(0x000000ec55700000,0x000000ec55800000)]
  0x000002774fd9a2b0 JavaThread "Attach Listener" daemon [_thread_blocked, id=6832, stack(0x000000ec55800000,0x000000ec55900000)]
  0x000002774fd9ab70 JavaThread "Service Thread" daemon [_thread_blocked, id=6312, stack(0x000000ec55900000,0x000000ec55a00000)]
  0x000002774fd9b430 JavaThread "Monitor Deflation Thread" daemon [_thread_blocked, id=9984, stack(0x000000ec55a00000,0x000000ec55b00000)]
=>0x000002774fdc9020 JavaThread "C2 CompilerThread0" daemon [_thread_in_native, id=15028, stack(0x000000ec55b00000,0x000000ec55c00000)]
  0x000002774fdc95e0 JavaThread "C1 CompilerThread0" daemon [_thread_blocked, id=7940, stack(0x000000ec55c00000,0x000000ec55d00000)]
  0x000002774fdfe300 JavaThread "Sweeper thread" daemon [_thread_blocked, id=13572, stack(0x000000ec55d00000,0x000000ec55e00000)]
  0x000002773a0cf680 JavaThread "Common-Cleaner" daemon [_thread_blocked, id=7760, stack(0x000000ec55e00000,0x000000ec55f00000)]
  0x0000027751a7c020 JavaThread "Notification Thread" daemon [_thread_blocked, id=10016, stack(0x000000ec55f00000,0x000000ec56000000)]
  0x0000027752108670 JavaThread "Active Thread: Equinox Container: 2db3d717-7c53-46a7-8a5b-c3b48db22538" [_thread_blocked, id=14324, stack(0x000000ec56400000,0x000000ec56500000)]
  0x0000027752150370 JavaThread "Framework Event Dispatcher: Equinox Container: 2db3d717-7c53-46a7-8a5b-c3b48db22538" daemon [_thread_blocked, id=12468, stack(0x000000ec56500000,0x000000ec56600000)]
  0x00000277521522b0 JavaThread "Start Level: Equinox Container: 2db3d717-7c53-46a7-8a5b-c3b48db22538" daemon [_thread_blocked, id=7224, stack(0x000000ec56600000,0x000000ec56700000)]
  0x00000277521567a0 JavaThread "SCR Component Actor" daemon [_thread_blocked, id=8792, stack(0x000000ec56700000,0x000000ec56800000)]
  0x0000027751eb7e50 JavaThread "Bundle File Closer" daemon [_thread_blocked, id=6448, stack(0x000000ec56a00000,0x000000ec56b00000)]
  0x00000277533a5470 JavaThread "Worker-JM" [_thread_blocked, id=14760, stack(0x000000ec56900000,0x000000ec56a00000)]
  0x0000027751a2d570 JavaThread "Worker-0: Send Classpath Notifications" [_thread_blocked, id=7796, stack(0x000000ec56b00000,0x000000ec56c00000)]
  0x0000027751a2cbd0 JavaThread "Worker-1" [_thread_blocked, id=5196, stack(0x000000ec56c00000,0x000000ec56d00000)]
  0x0000027751a2a550 JavaThread "Worker-2" [_thread_blocked, id=2164, stack(0x000000ec56d00000,0x000000ec56e00000)]
  0x0000027751a2a080 JavaThread "Java indexing" daemon [_thread_blocked, id=12480, stack(0x000000ec56e00000,0x000000ec56f00000)]
  0x0000027751a2b890 JavaThread "Worker-3" [_thread_blocked, id=14556, stack(0x000000ec56800000,0x000000ec56900000)]
  0x0000027751a2aa20 JavaThread "Worker-4" [_thread_blocked, id=7572, stack(0x000000ec56f00000,0x000000ec57000000)]
  0x0000027751a2bd60 JavaThread "pool-2-thread-1" [_thread_in_native, id=13888, stack(0x000000ec57000000,0x000000ec57100000)]
  0x0000027751a2d0a0 JavaThread "ForkJoinPool.commonPool-worker-1" daemon [_thread_in_native, id=2436, stack(0x000000ec57100000,0x000000ec57200000)]
  0x00000277533080e0 JavaThread "ForkJoinPool.commonPool-worker-2" daemon [_thread_blocked, id=7468, stack(0x000000ec57200000,0x000000ec57300000)]
  0x0000027753307270 JavaThread "ForkJoinPool.commonPool-worker-3" daemon [_thread_blocked, id=14784, stack(0x000000ec57300000,0x000000ec57400000)]

Other Threads:
  0x000002774fd6d890 VMThread "VM Thread" [stack: 0x000000ec55400000,0x000000ec55500000] [id=2372]
  0x0000027751a7c4f0 WatcherThread [stack: 0x000000ec56000000,0x000000ec56100000] [id=13688]
  0x000002773a029090 GCTaskThread "GC Thread#0" [stack: 0x000000ec55300000,0x000000ec55400000] [id=9032]
  0x0000027751fddcd0 GCTaskThread "GC Thread#1" [stack: 0x000000ec56100000,0x000000ec56200000] [id=14704]
  0x0000027751fddf80 GCTaskThread "GC Thread#2" [stack: 0x000000ec56200000,0x000000ec56300000] [id=14400]
  0x0000027751fde230 GCTaskThread "GC Thread#3" [stack: 0x000000ec56300000,0x000000ec56400000] [id=2060]

Threads with active compile tasks:
C2 CompilerThread0    49313 9883       4       org.eclipse.jdt.internal.compiler.parser.Parser::consumeToken (2275 bytes)

VM state: not at safepoint (normal execution)

VM Mutex/Monitor currently owned by a thread: None

Heap address: 0x00000000c0000000, size: 1024 MB, Compressed Oops mode: 32-bit

CDS archive(s) not mapped
Compressed class space mapped at: 0x0000000100000000-0x0000000140000000, reserved size: 1073741824
Narrow klass base: 0x0000000000000000, Narrow klass shift: 3, Narrow klass range: 0x140000000

GC Precious Log:
 CPUs: 4 total, 4 available
 Memory: 6030M
 Large Page Support: Disabled
 NUMA Support: Disabled
 Compressed Oops: Enabled (32-bit)
 Alignments: Space 512K, Generation 512K, Heap 2M
 Heap Min Capacity: 100M
 Heap Initial Capacity: 100M
 Heap Max Capacity: 1G
 Pre-touch: Disabled
 Parallel Workers: 4

Heap:
 PSYoungGen      total 6144K, used 2688K [0x00000000eab00000, 0x00000000eb380000, 0x0000000100000000)
  eden space 3584K, 48% used [0x00000000eab00000,0x00000000eacb4d58,0x00000000eae80000)
  from space 2560K, 36% used [0x00000000eaf00000,0x00000000eafeb5e8,0x00000000eb180000)
  to   space 1536K, 0% used [0x00000000eb200000,0x00000000eb200000,0x00000000eb380000)
 ParOldGen       total 140288K, used 116722K [0x00000000c0000000, 0x00000000c8900000, 0x00000000eab00000)
  object space 140288K, 83% used [0x00000000c0000000,0x00000000c71fc958,0x00000000c8900000)
 Metaspace       used 72565K, committed 73664K, reserved 1122304K
  class space    used 7583K, committed 8128K, reserved 1048576K

Card table byte_map: [0x000002774d690000,0x000002774d8a0000] _byte_map_base: 0x000002774d090000

Marking Bits: (ParMarkBitMap*) 0x00007fff41ea2a60
 Begin Bits: [0x000002774da00000, 0x000002774ea00000)
 End Bits:   [0x000002774ea00000, 0x000002774fa00000)

Polling page: 0x000002773a0f0000

Metaspace:

Usage:
  Non-class:     63.46 MB used.
      Class:      7.41 MB used.
       Both:     70.86 MB used.

Virtual space:
  Non-class space:       72.00 MB reserved,      64.00 MB ( 89%) committed,  9 nodes.
      Class space:        1.00 GB reserved,       7.94 MB ( <1%) committed,  1 nodes.
             Both:        1.07 GB reserved,      71.94 MB (  7%) committed. 

Chunk freelists:
   Non-Class:  3.75 MB
       Class:  48.00 KB
        Both:  3.80 MB

MaxMetaspaceSize: unlimited
CompressedClassSpaceSize: 1.00 GB
Initial GC threshold: 21.00 MB
Current GC threshold: 117.62 MB
CDS: off
MetaspaceReclaimPolicy: balanced
 - commit_granule_bytes: 65536.
 - commit_granule_words: 8192.
 - virtual_space_node_default_size: 1048576.
 - enlarge_chunks_in_place: 1.
 - new_chunks_are_fully_committed: 0.
 - uncommit_free_chunks: 1.
 - use_allocation_guard: 0.
 - handle_deallocations: 1.


Internal statistics:

num_allocs_failed_limit: 9.
num_arena_births: 546.
num_arena_deaths: 0.
num_vsnodes_births: 10.
num_vsnodes_deaths: 0.
num_space_committed: 1151.
num_space_uncommitted: 0.
num_chunks_returned_to_freelist: 9.
num_chunks_taken_from_freelist: 3457.
num_chunk_merges: 9.
num_chunk_splits: 2210.
num_chunks_enlarged: 1380.
num_purges: 0.
num_inconsistent_stats: 0.

CodeHeap 'non-profiled nmethods': size=120000Kb used=4632Kb max_used=4632Kb free=115368Kb
 bounds [0x0000027745f80000, 0x0000027746410000, 0x000002774d4b0000]
CodeHeap 'profiled nmethods': size=120000Kb used=19438Kb max_used=19438Kb free=100561Kb
 bounds [0x000002773ea50000, 0x000002773fd50000, 0x0000027745f80000]
CodeHeap 'non-nmethods': size=5760Kb used=1368Kb max_used=1423Kb free=4391Kb
 bounds [0x000002773e4b0000, 0x000002773e720000, 0x000002773ea50000]
 total_blobs=9203 nmethods=8490 adapters=625
 compilation: enabled
              stopped_count=0, restarted_count=0
 full_count=0

Compilation events (20 events):
Event: 48.991 Thread 0x000002774fdc95e0 9903   !   3       lombok.eclipse.handlers.EclipseHandlerUtil::$SWITCH_TABLE$lombok$AccessLevel (101 bytes)
Event: 48.991 Thread 0x000002774fdc95e0 nmethod 9903 0x000002773fd3e490 code [0x000002773fd3e680, 0x000002773fd3eb88]
Event: 48.991 Thread 0x000002774fdc95e0 9904       3       lombok.eclipse.handlers.SetGeneratedByVisitor::<init> (54 bytes)
Event: 48.991 Thread 0x000002774fdc95e0 nmethod 9904 0x000002773fd3ed90 code [0x000002773fd3ef40, 0x000002773fd3f158]
Event: 48.994 Thread 0x000002774fdc95e0 9905       1       org.eclipse.jdt.internal.compiler.ASTVisitor::visit (2 bytes)
Event: 48.994 Thread 0x000002774fdc95e0 nmethod 9905 0x0000027746401a90 code [0x0000027746401c20, 0x0000027746401cf8]
Event: 48.996 Thread 0x000002774fdc95e0 9906       3       org.eclipse.jdt.internal.compiler.ast.QualifiedTypeReference::getLastToken (13 bytes)
Event: 48.996 Thread 0x000002774fdc95e0 nmethod 9906 0x000002773fd3f290 code [0x000002773fd3f420, 0x000002773fd3f558]
Event: 49.000 Thread 0x000002774fdc9020 nmethod 9879 0x0000027746401d90 code [0x0000027746402480, 0x00000277464039e8]
Event: 49.001 Thread 0x000002774fdc9020 9880       4       org.eclipse.jdt.internal.compiler.parser.Scanner::getNextToken (179 bytes)
Event: 49.005 Thread 0x000002774fdc95e0 9907       3       org.eclipse.jdt.internal.compiler.lookup.MethodScope::checkAndSetRecordCanonicalConsAndMethods (58 bytes)
Event: 49.006 Thread 0x000002774fdc95e0 nmethod 9907 0x000002773fd3f610 code [0x000002773fd3f7a0, 0x000002773fd3f998]
Event: 49.006 Thread 0x000002774fdc95e0 9908       1       org.eclipse.jdt.internal.core.ImportDeclaration::getElementType (3 bytes)
Event: 49.006 Thread 0x000002774fdc95e0 nmethod 9908 0x0000027746404a90 code [0x0000027746404c20, 0x0000027746404cf8]
Event: 49.009 Thread 0x000002774fdc95e0 9910       3       org.eclipse.jdt.internal.compiler.ast.Annotation::resolveType (1559 bytes)
Event: 49.010 Thread 0x000002774fdc9020 nmethod 9880 0x0000027746404d90 code [0x0000027746404fe0, 0x00000277464055a8]
Event: 49.010 Thread 0x000002774fdc9020 9883       4       org.eclipse.jdt.internal.compiler.parser.Parser::consumeToken (2275 bytes)
Event: 49.019 Thread 0x000002774fdc95e0 nmethod 9910 0x000002773fd3fa90 code [0x000002773fd402c0, 0x000002773fd466a8]
Event: 49.102 Thread 0x000002774fdc95e0 9911       3       java.lang.ProcessEnvironment$NameComparator::compare (90 bytes)
Event: 49.104 Thread 0x000002774fdc95e0 nmethod 9911 0x000002773fd48c10 code [0x000002773fd48f20, 0x000002773fd4a1f8]

GC Heap History (20 events):
Event: 35.458 GC heap before
{Heap before GC invocations=74 (full 6):
 PSYoungGen      total 10240K, used 3616K [0x00000000eab00000, 0x00000000ebb00000, 0x0000000100000000)
  eden space 6144K, 0% used [0x00000000eab00000,0x00000000eab00000,0x00000000eb100000)
  from space 4096K, 88% used [0x00000000eb700000,0x00000000eba88000,0x00000000ebb00000)
  to   space 4608K, 0% used [0x00000000eb200000,0x00000000eb200000,0x00000000eb680000)
 ParOldGen       total 102400K, used 101023K [0x00000000c0000000, 0x00000000c6400000, 0x00000000eab00000)
  object space 102400K, 98% used [0x00000000c0000000,0x00000000c62a7c38,0x00000000c6400000)
 Metaspace       used 71227K, committed 72256K, reserved 1114112K
  class space    used 7461K, committed 7936K, reserved 1048576K
}
Event: 35.651 GC heap after
{Heap after GC invocations=74 (full 6):
 PSYoungGen      total 11264K, used 1478K [0x00000000eab00000, 0x00000000ebb00000, 0x0000000100000000)
  eden space 7168K, 0% used [0x00000000eab00000,0x00000000eab00000,0x00000000eb200000)
  from space 4096K, 36% used [0x00000000eb700000,0x00000000eb8719a8,0x00000000ebb00000)
  to   space 4608K, 0% used [0x00000000eb200000,0x00000000eb200000,0x00000000eb680000)
 ParOldGen       total 140288K, used 102397K [0x00000000c0000000, 0x00000000c8900000, 0x00000000eab00000)
  object space 140288K, 72% used [0x00000000c0000000,0x00000000c63ff520,0x00000000c8900000)
 Metaspace       used 71227K, committed 72256K, reserved 1114112K
  class space    used 7461K, committed 7936K, reserved 1048576K
}
Event: 37.040 GC heap before
{Heap before GC invocations=75 (full 6):
 PSYoungGen      total 11264K, used 8629K [0x00000000eab00000, 0x00000000ebb00000, 0x0000000100000000)
  eden space 7168K, 99% used [0x00000000eab00000,0x00000000eb1fbda8,0x00000000eb200000)
  from space 4096K, 36% used [0x00000000eb700000,0x00000000eb8719a8,0x00000000ebb00000)
  to   space 4608K, 0% used [0x00000000eb200000,0x00000000eb200000,0x00000000eb680000)
 ParOldGen       total 140288K, used 102397K [0x00000000c0000000, 0x00000000c8900000, 0x00000000eab00000)
  object space 140288K, 72% used [0x00000000c0000000,0x00000000c63ff520,0x00000000c8900000)
 Metaspace       used 71409K, committed 72512K, reserved 1114112K
  class space    used 7482K, committed 8000K, reserved 1048576K
}
Event: 37.064 GC heap after
{Heap after GC invocations=75 (full 6):
 PSYoungGen      total 11776K, used 4586K [0x00000000eab00000, 0x00000000ebe00000, 0x0000000100000000)
  eden space 7168K, 0% used [0x00000000eab00000,0x00000000eab00000,0x00000000eb200000)
  from space 4608K, 99% used [0x00000000eb200000,0x00000000eb67a910,0x00000000eb680000)
  to   space 5632K, 0% used [0x00000000eb880000,0x00000000eb880000,0x00000000ebe00000)
 ParOldGen       total 140288K, used 103077K [0x00000000c0000000, 0x00000000c8900000, 0x00000000eab00000)
  object space 140288K, 73% used [0x00000000c0000000,0x00000000c64a9520,0x00000000c8900000)
 Metaspace       used 71409K, committed 72512K, reserved 1114112K
  class space    used 7482K, committed 8000K, reserved 1048576K
}
Event: 37.138 GC heap before
{Heap before GC invocations=76 (full 6):
 PSYoungGen      total 11776K, used 11754K [0x00000000eab00000, 0x00000000ebe00000, 0x0000000100000000)
  eden space 7168K, 100% used [0x00000000eab00000,0x00000000eb200000,0x00000000eb200000)
  from space 4608K, 99% used [0x00000000eb200000,0x00000000eb67a910,0x00000000eb680000)
  to   space 5632K, 0% used [0x00000000eb880000,0x00000000eb880000,0x00000000ebe00000)
 ParOldGen       total 140288K, used 103077K [0x00000000c0000000, 0x00000000c8900000, 0x00000000eab00000)
  object space 140288K, 73% used [0x00000000c0000000,0x00000000c64a9520,0x00000000c8900000)
 Metaspace       used 71419K, committed 72512K, reserved 1114112K
  class space    used 7483K, committed 8000K, reserved 1048576K
}
Event: 37.149 GC heap after
{Heap after GC invocations=76 (full 6):
 PSYoungGen      total 7168K, used 5609K [0x00000000eab00000, 0x00000000ecb00000, 0x0000000100000000)
  eden space 1536K, 0% used [0x00000000eab00000,0x00000000eab00000,0x00000000eac80000)
  from space 5632K, 99% used [0x00000000eb880000,0x00000000ebdfa6c0,0x00000000ebe00000)
  to   space 12288K, 0% used [0x00000000eac80000,0x00000000eac80000,0x00000000eb880000)
 ParOldGen       total 140288K, used 108591K [0x00000000c0000000, 0x00000000c8900000, 0x00000000eab00000)
  object space 140288K, 77% used [0x00000000c0000000,0x00000000c6a0be40,0x00000000c8900000)
 Metaspace       used 71419K, committed 72512K, reserved 1114112K
  class space    used 7483K, committed 8000K, reserved 1048576K
}
Event: 37.194 GC heap before
{Heap before GC invocations=77 (full 6):
 PSYoungGen      total 7168K, used 7145K [0x00000000eab00000, 0x00000000ecb00000, 0x0000000100000000)
  eden space 1536K, 100% used [0x00000000eab00000,0x00000000eac80000,0x00000000eac80000)
  from space 5632K, 99% used [0x00000000eb880000,0x00000000ebdfa6c0,0x00000000ebe00000)
  to   space 12288K, 0% used [0x00000000eac80000,0x00000000eac80000,0x00000000eb880000)
 ParOldGen       total 140288K, used 108591K [0x00000000c0000000, 0x00000000c8900000, 0x00000000eab00000)
  object space 140288K, 77% used [0x00000000c0000000,0x00000000c6a0be40,0x00000000c8900000)
 Metaspace       used 71426K, committed 72512K, reserved 1114112K
  class space    used 7484K, committed 8000K, reserved 1048576K
}
Event: 37.201 GC heap after
{Heap after GC invocations=77 (full 6):
 PSYoungGen      total 2560K, used 890K [0x00000000eab00000, 0x00000000eb900000, 0x0000000100000000)
  eden space 1536K, 0% used [0x00000000eab00000,0x00000000eab00000,0x00000000eac80000)
  from space 1024K, 86% used [0x00000000eac80000,0x00000000ead5e900,0x00000000ead80000)
  to   space 5120K, 0% used [0x00000000eb400000,0x00000000eb400000,0x00000000eb900000)
 ParOldGen       total 140288K, used 114251K [0x00000000c0000000, 0x00000000c8900000, 0x00000000eab00000)
  object space 140288K, 81% used [0x00000000c0000000,0x00000000c6f92e00,0x00000000c8900000)
 Metaspace       used 71426K, committed 72512K, reserved 1114112K
  class space    used 7484K, committed 8000K, reserved 1048576K
}
Event: 37.209 GC heap before
{Heap before GC invocations=78 (full 6):
 PSYoungGen      total 2560K, used 2426K [0x00000000eab00000, 0x00000000eb900000, 0x0000000100000000)
  eden space 1536K, 100% used [0x00000000eab00000,0x00000000eac80000,0x00000000eac80000)
  from space 1024K, 86% used [0x00000000eac80000,0x00000000ead5e900,0x00000000ead80000)
  to   space 5120K, 0% used [0x00000000eb400000,0x00000000eb400000,0x00000000eb900000)
 ParOldGen       total 140288K, used 114251K [0x00000000c0000000, 0x00000000c8900000, 0x00000000eab00000)
  object space 140288K, 81% used [0x00000000c0000000,0x00000000c6f92e00,0x00000000c8900000)
 Metaspace       used 71428K, committed 72512K, reserved 1114112K
  class space    used 7484K, committed 8000K, reserved 1048576K
}
Event: 37.213 GC heap after
{Heap after GC invocations=78 (full 6):
 PSYoungGen      total 3072K, used 1018K [0x00000000eab00000, 0x00000000eb500000, 0x0000000100000000)
  eden space 2048K, 0% used [0x00000000eab00000,0x00000000eab00000,0x00000000ead00000)
  from space 1024K, 99% used [0x00000000eb400000,0x00000000eb4fe900,0x00000000eb500000)
  to   space 2048K, 0% used [0x00000000eb100000,0x00000000eb100000,0x00000000eb300000)
 ParOldGen       total 140288K, used 114251K [0x00000000c0000000, 0x00000000c8900000, 0x00000000eab00000)
  object space 140288K, 81% used [0x00000000c0000000,0x00000000c6f92e00,0x00000000c8900000)
 Metaspace       used 71428K, committed 72512K, reserved 1114112K
  class space    used 7484K, committed 8000K, reserved 1048576K
}
Event: 37.288 GC heap before
{Heap before GC invocations=79 (full 6):
 PSYoungGen      total 3072K, used 3066K [0x00000000eab00000, 0x00000000eb500000, 0x0000000100000000)
  eden space 2048K, 100% used [0x00000000eab00000,0x00000000ead00000,0x00000000ead00000)
  from space 1024K, 99% used [0x00000000eb400000,0x00000000eb4fe900,0x00000000eb500000)
  to   space 2048K, 0% used [0x00000000eb100000,0x00000000eb100000,0x00000000eb300000)
 ParOldGen       total 140288K, used 114251K [0x00000000c0000000, 0x00000000c8900000, 0x00000000eab00000)
  object space 140288K, 81% used [0x00000000c0000000,0x00000000c6f92e00,0x00000000c8900000)
 Metaspace       used 71468K, committed 72576K, reserved 1114112K
  class space    used 7484K, committed 8000K, reserved 1048576K
}
Event: 37.291 GC heap after
{Heap after GC invocations=79 (full 6):
 PSYoungGen      total 4608K, used 512K [0x00000000eab00000, 0x00000000eb480000, 0x0000000100000000)
  eden space 2560K, 0% used [0x00000000eab00000,0x00000000eab00000,0x00000000ead80000)
  from space 2048K, 25% used [0x00000000eb100000,0x00000000eb180000,0x00000000eb300000)
  to   space 1024K, 0% used [0x00000000eb380000,0x00000000eb380000,0x00000000eb480000)
 ParOldGen       total 140288K, used 115116K [0x00000000c0000000, 0x00000000c8900000, 0x00000000eab00000)
  object space 140288K, 82% used [0x00000000c0000000,0x00000000c706b010,0x00000000c8900000)
 Metaspace       used 71468K, committed 72576K, reserved 1114112K
  class space    used 7484K, committed 8000K, reserved 1048576K
}
Event: 37.318 GC heap before
{Heap before GC invocations=80 (full 6):
 PSYoungGen      total 4608K, used 3072K [0x00000000eab00000, 0x00000000eb480000, 0x0000000100000000)
  eden space 2560K, 100% used [0x00000000eab00000,0x00000000ead80000,0x00000000ead80000)
  from space 2048K, 25% used [0x00000000eb100000,0x00000000eb180000,0x00000000eb300000)
  to   space 1024K, 0% used [0x00000000eb380000,0x00000000eb380000,0x00000000eb480000)
 ParOldGen       total 140288K, used 115116K [0x00000000c0000000, 0x00000000c8900000, 0x00000000eab00000)
  object space 140288K, 82% used [0x00000000c0000000,0x00000000c706b010,0x00000000c8900000)
 Metaspace       used 71478K, committed 72576K, reserved 1114112K
  class space    used 7484K, committed 8000K, reserved 1048576K
}
Event: 37.322 GC heap after
{Heap after GC invocations=80 (full 6):
 PSYoungGen      total 4096K, used 1002K [0x00000000eab00000, 0x00000000eb480000, 0x0000000100000000)
  eden space 3072K, 0% used [0x00000000eab00000,0x00000000eab00000,0x00000000eae00000)
  from space 1024K, 97% used [0x00000000eb380000,0x00000000eb47a910,0x00000000eb480000)
  to   space 1536K, 0% used [0x00000000eb180000,0x00000000eb180000,0x00000000eb300000)
 ParOldGen       total 140288K, used 115116K [0x00000000c0000000, 0x00000000c8900000, 0x00000000eab00000)
  object space 140288K, 82% used [0x00000000c0000000,0x00000000c706b010,0x00000000c8900000)
 Metaspace       used 71478K, committed 72576K, reserved 1114112K
  class space    used 7484K, committed 8000K, reserved 1048576K
}
Event: 41.811 GC heap before
{Heap before GC invocations=81 (full 6):
 PSYoungGen      total 4096K, used 4074K [0x00000000eab00000, 0x00000000eb480000, 0x0000000100000000)
  eden space 3072K, 100% used [0x00000000eab00000,0x00000000eae00000,0x00000000eae00000)
  from space 1024K, 97% used [0x00000000eb380000,0x00000000eb47a910,0x00000000eb480000)
  to   space 1536K, 0% used [0x00000000eb180000,0x00000000eb180000,0x00000000eb300000)
 ParOldGen       total 140288K, used 115116K [0x00000000c0000000, 0x00000000c8900000, 0x00000000eab00000)
  object space 140288K, 82% used [0x00000000c0000000,0x00000000c706b010,0x00000000c8900000)
 Metaspace       used 71535K, committed 72640K, reserved 1114112K
  class space    used 7484K, committed 8000K, reserved 1048576K
}
Event: 41.814 GC heap after
{Heap after GC invocations=81 (full 6):
 PSYoungGen      total 5120K, used 1444K [0x00000000eab00000, 0x00000000eb400000, 0x0000000100000000)
  eden space 3584K, 0% used [0x00000000eab00000,0x00000000eab00000,0x00000000eae80000)
  from space 1536K, 94% used [0x00000000eb180000,0x00000000eb2e9210,0x00000000eb300000)
  to   space 1024K, 0% used [0x00000000eb300000,0x00000000eb300000,0x00000000eb400000)
 ParOldGen       total 140288K, used 115124K [0x00000000c0000000, 0x00000000c8900000, 0x00000000eab00000)
  object space 140288K, 82% used [0x00000000c0000000,0x00000000c706d010,0x00000000c8900000)
 Metaspace       used 71535K, committed 72640K, reserved 1114112K
  class space    used 7484K, committed 8000K, reserved 1048576K
}
Event: 48.955 GC heap before
{Heap before GC invocations=82 (full 6):
 PSYoungGen      total 5120K, used 5028K [0x00000000eab00000, 0x00000000eb400000, 0x0000000100000000)
  eden space 3584K, 100% used [0x00000000eab00000,0x00000000eae80000,0x00000000eae80000)
  from space 1536K, 94% used [0x00000000eb180000,0x00000000eb2e9210,0x00000000eb300000)
  to   space 1024K, 0% used [0x00000000eb300000,0x00000000eb300000,0x00000000eb400000)
 ParOldGen       total 140288K, used 115124K [0x00000000c0000000, 0x00000000c8900000, 0x00000000eab00000)
  object space 140288K, 82% used [0x00000000c0000000,0x00000000c706d010,0x00000000c8900000)
 Metaspace       used 72096K, committed 73216K, reserved 1114112K
  class space    used 7535K, committed 8064K, reserved 1048576K
}
Event: 48.960 GC heap after
{Heap after GC invocations=82 (full 6):
 PSYoungGen      total 4608K, used 1005K [0x00000000eab00000, 0x00000000eb400000, 0x0000000100000000)
  eden space 3584K, 0% used [0x00000000eab00000,0x00000000eab00000,0x00000000eae80000)
  from space 1024K, 98% used [0x00000000eb300000,0x00000000eb3fb5e8,0x00000000eb400000)
  to   space 2560K, 0% used [0x00000000eaf00000,0x00000000eaf00000,0x00000000eb180000)
 ParOldGen       total 140288K, used 116362K [0x00000000c0000000, 0x00000000c8900000, 0x00000000eab00000)
  object space 140288K, 82% used [0x00000000c0000000,0x00000000c71a2958,0x00000000c8900000)
 Metaspace       used 72096K, committed 73216K, reserved 1114112K
  class space    used 7535K, committed 8064K, reserved 1048576K
}
Event: 49.153 GC heap before
{Heap before GC invocations=83 (full 6):
 PSYoungGen      total 4608K, used 4589K [0x00000000eab00000, 0x00000000eb400000, 0x0000000100000000)
  eden space 3584K, 100% used [0x00000000eab00000,0x00000000eae80000,0x00000000eae80000)
  from space 1024K, 98% used [0x00000000eb300000,0x00000000eb3fb5e8,0x00000000eb400000)
  to   space 2560K, 0% used [0x00000000eaf00000,0x00000000eaf00000,0x00000000eb180000)
 ParOldGen       total 140288K, used 116362K [0x00000000c0000000, 0x00000000c8900000, 0x00000000eab00000)
  object space 140288K, 82% used [0x00000000c0000000,0x00000000c71a2958,0x00000000c8900000)
 Metaspace       used 72309K, committed 73408K, reserved 1122304K
  class space    used 7549K, committed 8064K, reserved 1048576K
}
Event: 49.156 GC heap after
{Heap after GC invocations=83 (full 6):
 PSYoungGen      total 6144K, used 941K [0x00000000eab00000, 0x00000000eb380000, 0x0000000100000000)
  eden space 3584K, 0% used [0x00000000eab00000,0x00000000eab00000,0x00000000eae80000)
  from space 2560K, 36% used [0x00000000eaf00000,0x00000000eafeb5e8,0x00000000eb180000)
  to   space 1536K, 0% used [0x00000000eb200000,0x00000000eb200000,0x00000000eb380000)
 ParOldGen       total 140288K, used 116722K [0x00000000c0000000, 0x00000000c8900000, 0x00000000eab00000)
  object space 140288K, 83% used [0x00000000c0000000,0x00000000c71fc958,0x00000000c8900000)
 Metaspace       used 72309K, committed 73408K, reserved 1122304K
  class space    used 7549K, committed 8064K, reserved 1048576K
}

Deoptimization events (20 events):
Event: 48.943 Thread 0x0000027751a2d0a0 Uncommon trap: trap_request=0xffffffc6 fr.pc=0x000002774621433c relative=0x000000000000081c
Event: 48.943 Thread 0x0000027751a2d0a0 Uncommon trap: reason=bimorphic_or_optimized_type_check action=maybe_recompile pc=0x000002774621433c method=org.eclipse.jdt.internal.compiler.parser.Scanner.getNextToken0()I @ 2869 c2
Event: 48.943 Thread 0x0000027751a2d0a0 DEOPT PACKING pc=0x000002774621433c sp=0x000000ec571fe8b0
Event: 48.943 Thread 0x0000027751a2d0a0 DEOPT UNPACKING pc=0x000002773e5020a3 sp=0x000000ec571fe800 mode 2
Event: 48.943 Thread 0x0000027751a2d0a0 Uncommon trap: trap_request=0xffffffde fr.pc=0x00000277460dec70 relative=0x0000000000001a10
Event: 48.943 Thread 0x0000027751a2d0a0 Uncommon trap: reason=class_check action=maybe_recompile pc=0x00000277460dec70 method=org.eclipse.jdt.internal.compiler.parser.Parser.pushIdentifier()V @ 5 c2
Event: 48.943 Thread 0x0000027751a2d0a0 DEOPT PACKING pc=0x00000277460dec70 sp=0x000000ec571fe7f0
Event: 48.943 Thread 0x0000027751a2d0a0 DEOPT UNPACKING pc=0x000002773e5020a3 sp=0x000000ec571fe788 mode 2
Event: 48.943 Thread 0x0000027751a2d0a0 Uncommon trap: trap_request=0xffffffde fr.pc=0x00000277460dec70 relative=0x0000000000001a10
Event: 48.943 Thread 0x0000027751a2d0a0 Uncommon trap: reason=class_check action=maybe_recompile pc=0x00000277460dec70 method=org.eclipse.jdt.internal.compiler.parser.Parser.pushIdentifier()V @ 5 c2
Event: 48.943 Thread 0x0000027751a2d0a0 DEOPT PACKING pc=0x00000277460dec70 sp=0x000000ec571fe7f0
Event: 48.943 Thread 0x0000027751a2d0a0 DEOPT UNPACKING pc=0x000002773e5020a3 sp=0x000000ec571fe788 mode 2
Event: 49.115 Thread 0x0000027751a2d0a0 Uncommon trap: trap_request=0xffffff45 fr.pc=0x000002774613ae20 relative=0x0000000000000300
Event: 49.116 Thread 0x0000027751a2d0a0 Uncommon trap: reason=unstable_if action=reinterpret pc=0x000002774613ae20 method=org.eclipse.jdt.internal.compiler.util.HashtableOfObject.putUnsafely([CLjava/lang/Object;)V @ 23 c2
Event: 49.116 Thread 0x0000027751a2d0a0 DEOPT PACKING pc=0x000002774613ae20 sp=0x000000ec571fe070
Event: 49.116 Thread 0x0000027751a2d0a0 DEOPT UNPACKING pc=0x000002773e5020a3 sp=0x000000ec571fe000 mode 2
Event: 49.117 Thread 0x0000027751a2d0a0 Uncommon trap: trap_request=0xffffff45 fr.pc=0x0000027746119524 relative=0x0000000000000664
Event: 49.117 Thread 0x0000027751a2d0a0 Uncommon trap: reason=unstable_if action=reinterpret pc=0x0000027746119524 method=org.eclipse.jdt.internal.core.index.DiskIndex.readStreamChars(Ljava/io/InputStream;)[C @ 1 c2
Event: 49.117 Thread 0x0000027751a2d0a0 DEOPT PACKING pc=0x0000027746119524 sp=0x000000ec571fe1f0
Event: 49.117 Thread 0x0000027751a2d0a0 DEOPT UNPACKING pc=0x000002773e5020a3 sp=0x000000ec571fe198 mode 2

Classes unloaded (0 events):
No events

Classes redefined (0 events):
No events

Internal exceptions (20 events):
Event: 48.991 Thread 0x0000027751a2d0a0 Implicit null exception at 0x000002773f9389d1 to 0x000002773f938b25
Event: 48.991 Thread 0x0000027751a2d0a0 Exception <a 'java/lang/NullPointerException'{0x00000000eac77e10}> (0x00000000eac77e10) 
thrown [e:\jenkins\tmp\workspace\build\src\src\hotspot\share\runtime\sharedRuntime.cpp, line 628]
Event: 48.991 Thread 0x0000027751a2d0a0 Implicit null exception at 0x000002773f9389d1 to 0x000002773f938b25
Event: 48.991 Thread 0x0000027751a2d0a0 Exception <a 'java/lang/NullPointerException'{0x00000000eac92030}> (0x00000000eac92030) 
thrown [e:\jenkins\tmp\workspace\build\src\src\hotspot\share\runtime\sharedRuntime.cpp, line 628]
Event: 48.991 Thread 0x0000027751a2d0a0 Implicit null exception at 0x000002773f9389d1 to 0x000002773f938b25
Event: 48.991 Thread 0x0000027751a2d0a0 Exception <a 'java/lang/NullPointerException'{0x00000000eacab008}> (0x00000000eacab008) 
thrown [e:\jenkins\tmp\workspace\build\src\src\hotspot\share\runtime\sharedRuntime.cpp, line 628]
Event: 48.992 Thread 0x0000027751a2d0a0 Implicit null exception at 0x000002773f9389d1 to 0x000002773f938b25
Event: 48.992 Thread 0x0000027751a2d0a0 Exception <a 'java/lang/NullPointerException'{0x00000000eacc4260}> (0x00000000eacc4260) 
thrown [e:\jenkins\tmp\workspace\build\src\src\hotspot\share\runtime\sharedRuntime.cpp, line 628]
Event: 48.992 Thread 0x0000027751a2d0a0 Implicit null exception at 0x000002773f9389d1 to 0x000002773f938b25
Event: 48.992 Thread 0x0000027751a2d0a0 Exception <a 'java/lang/NullPointerException'{0x00000000eacdd508}> (0x00000000eacdd508) 
thrown [e:\jenkins\tmp\workspace\build\src\src\hotspot\share\runtime\sharedRuntime.cpp, line 628]
Event: 48.992 Thread 0x0000027751a2d0a0 Implicit null exception at 0x000002773f9389d1 to 0x000002773f938b25
Event: 48.992 Thread 0x0000027751a2d0a0 Exception <a 'java/lang/NullPointerException'{0x00000000eacf65b0}> (0x00000000eacf65b0) 
thrown [e:\jenkins\tmp\workspace\build\src\src\hotspot\share\runtime\sharedRuntime.cpp, line 628]
Event: 48.993 Thread 0x0000027751a2d0a0 Implicit null exception at 0x000002773f9389d1 to 0x000002773f938b25
Event: 48.993 Thread 0x0000027751a2d0a0 Exception <a 'java/lang/NullPointerException'{0x00000000ead0f8e8}> (0x00000000ead0f8e8) 
thrown [e:\jenkins\tmp\workspace\build\src\src\hotspot\share\runtime\sharedRuntime.cpp, line 628]
Event: 48.993 Thread 0x0000027751a2d0a0 Implicit null exception at 0x000002773f9389d1 to 0x000002773f938b25
Event: 48.994 Thread 0x0000027751a2d0a0 Exception <a 'java/lang/NullPointerException'{0x00000000ead28c40}> (0x00000000ead28c40) 
thrown [e:\jenkins\tmp\workspace\build\src\src\hotspot\share\runtime\sharedRuntime.cpp, line 628]
Event: 48.994 Thread 0x0000027751a2d0a0 Implicit null exception at 0x000002773f9389d1 to 0x000002773f938b25
Event: 48.994 Thread 0x0000027751a2d0a0 Exception <a 'java/lang/NullPointerException'{0x00000000ead41dd0}> (0x00000000ead41dd0) 
thrown [e:\jenkins\tmp\workspace\build\src\src\hotspot\share\runtime\sharedRuntime.cpp, line 628]
Event: 48.994 Thread 0x0000027751a2d0a0 Implicit null exception at 0x000002773f9389d1 to 0x000002773f938b25
Event: 48.994 Thread 0x0000027751a2d0a0 Exception <a 'java/lang/NullPointerException'{0x00000000ead5e780}> (0x00000000ead5e780) 
thrown [e:\jenkins\tmp\workspace\build\src\src\hotspot\share\runtime\sharedRuntime.cpp, line 628]

VM Operations (20 events):
Event: 37.209 Executing VM operation: ParallelGCFailedAllocation
Event: 37.213 Executing VM operation: ParallelGCFailedAllocation done
Event: 37.288 Executing VM operation: ParallelGCFailedAllocation
Event: 37.291 Executing VM operation: ParallelGCFailedAllocation done
Event: 37.318 Executing VM operation: ParallelGCFailedAllocation
Event: 37.322 Executing VM operation: ParallelGCFailedAllocation done
Event: 39.322 Executing VM operation: Cleanup
Event: 39.322 Executing VM operation: Cleanup done
Event: 41.811 Executing VM operation: ParallelGCFailedAllocation
Event: 41.814 Executing VM operation: ParallelGCFailedAllocation done
Event: 42.814 Executing VM operation: Cleanup
Event: 42.815 Executing VM operation: Cleanup done
Event: 47.816 Executing VM operation: Cleanup
Event: 47.816 Executing VM operation: Cleanup done
Event: 48.817 Executing VM operation: Cleanup
Event: 48.817 Executing VM operation: Cleanup done
Event: 48.955 Executing VM operation: ParallelGCFailedAllocation
Event: 48.960 Executing VM operation: ParallelGCFailedAllocation done
Event: 49.152 Executing VM operation: ParallelGCFailedAllocation
Event: 49.156 Executing VM operation: ParallelGCFailedAllocation done

Events (20 events):
Event: 47.714 loading class java/util/logging/Level$RbAccess
Event: 47.714 loading class java/util/logging/Level$RbAccess done
Event: 47.714 loading class sun/util/logging/resources/logging
Event: 47.714 loading class sun/util/logging/resources/logging done
Event: 47.714 loading class sun/util/logging/resources/logging_en
Event: 47.714 loading class sun/util/logging/resources/logging_en done
Event: 47.714 loading class sun/util/logging/resources/logging_en
Event: 47.714 loading class sun/util/logging/resources/logging_en done
Event: 47.715 loading class sun/util/logging/resources/logging_en_US
Event: 47.715 loading class sun/util/logging/resources/logging_en_US done
Event: 47.715 loading class sun/util/logging/resources/logging_en_US
Event: 47.715 loading class sun/util/logging/resources/logging_en_US done
Event: 47.715 loading class java/util/Formatter$DateTime
Event: 47.715 loading class java/util/Formatter$DateTime done
Event: 47.719 loading class java/time/ZonedDateTime$1
Event: 47.719 loading class java/time/ZonedDateTime$1 done
Event: 47.719 loading class java/time/LocalDate$1
Event: 47.719 loading class java/time/LocalDate$1 done
Event: 47.720 loading class java/time/LocalTime$1
Event: 47.739 loading class java/time/LocalTime$1 done


Dynamic libraries:
0x00007ff668120000 - 0x00007ff66812e000 	c:\Users\Tan\.vscode\extensions\redhat.java-1.3.0\jre\17.0.1-win32-x86_64\bin\java.exe
0x00007fffa5cf0000 - 0x00007fffa5ee5000 	C:\WINDOWS\SYSTEM32\ntdll.dll
0x00007fffa5490000 - 0x00007fffa554e000 	C:\WINDOWS\System32\KERNEL32.DLL
0x00007fffa3580000 - 0x00007fffa3848000 	C:\WINDOWS\System32\KERNELBASE.dll
0x00007fffa39e0000 - 0x00007fffa3ae0000 	C:\WINDOWS\System32\ucrtbase.dll
0x00007fff9cb20000 - 0x00007fff9cb38000 	c:\Users\Tan\.vscode\extensions\redhat.java-1.3.0\jre\17.0.1-win32-x86_64\bin\jli.dll
0x00007fff95a90000 - 0x00007fff95aa9000 	c:\Users\Tan\.vscode\extensions\redhat.java-1.3.0\jre\17.0.1-win32-x86_64\bin\VCRUNTIME140.dll
0x00007fffa5550000 - 0x00007fffa56f0000 	C:\WINDOWS\System32\USER32.dll
0x00007fffa3850000 - 0x00007fffa3872000 	C:\WINDOWS\System32\win32u.dll
0x00007fffa5b40000 - 0x00007fffa5b6b000 	C:\WINDOWS\System32\GDI32.dll
0x00007fffa3470000 - 0x00007fffa357d000 	C:\WINDOWS\System32\gdi32full.dll
0x00007fffa3ca0000 - 0x00007fffa3d3d000 	C:\WINDOWS\System32\msvcp_win.dll
0x00007fff93010000 - 0x00007fff932aa000 	C:\WINDOWS\WinSxS\amd64_microsoft.windows.common-controls_6595b64144ccf1df_6.0.19041.1110_none_60b5254171f9507e\COMCTL32.dll
0x00007fffa5370000 - 0x00007fffa540e000 	C:\WINDOWS\System32\msvcrt.dll
0x00007fffa3d40000 - 0x00007fffa3d70000 	C:\WINDOWS\System32\IMM32.DLL
0x00007fff9ee10000 - 0x00007fff9ee1c000 	c:\Users\Tan\.vscode\extensions\redhat.java-1.3.0\jre\17.0.1-win32-x86_64\bin\vcruntime140_1.dll
0x00007fff7a490000 - 0x00007fff7a521000 	c:\Users\Tan\.vscode\extensions\redhat.java-1.3.0\jre\17.0.1-win32-x86_64\bin\msvcp140.dll
0x00007fff41320000 - 0x00007fff41f66000 	c:\Users\Tan\.vscode\extensions\redhat.java-1.3.0\jre\17.0.1-win32-x86_64\bin\server\jvm.dll
0x00007fffa5b70000 - 0x00007fffa5c1e000 	C:\WINDOWS\System32\ADVAPI32.dll
0x00007fffa3e40000 - 0x00007fffa3edc000 	C:\WINDOWS\System32\sechost.dll
0x00007fffa4660000 - 0x00007fffa4785000 	C:\WINDOWS\System32\RPCRT4.dll
0x00007fffa4650000 - 0x00007fffa4658000 	C:\WINDOWS\System32\PSAPI.DLL
0x00007fff9d2e0000 - 0x00007fff9d2e9000 	C:\WINDOWS\SYSTEM32\WSOCK32.dll
0x00007fffa5420000 - 0x00007fffa548b000 	C:\WINDOWS\System32\WS2_32.dll
0x00007fff98c30000 - 0x00007fff98c57000 	C:\WINDOWS\SYSTEM32\WINMM.dll
0x00007fff98c60000 - 0x00007fff98c6a000 	C:\WINDOWS\SYSTEM32\VERSION.dll
0x00007fffa12f0000 - 0x00007fffa1302000 	C:\WINDOWS\SYSTEM32\kernel.appcore.dll
0x00007fff9e190000 - 0x00007fff9e19a000 	c:\Users\Tan\.vscode\extensions\redhat.java-1.3.0\jre\17.0.1-win32-x86_64\bin\jimage.dll
0x00007fff99d10000 - 0x00007fff99ef4000 	C:\WINDOWS\SYSTEM32\DBGHELP.DLL
0x00007fff8ee70000 - 0x00007fff8ee9c000 	C:\WINDOWS\SYSTEM32\dbgcore.DLL
0x00007fffa3b10000 - 0x00007fffa3b92000 	C:\WINDOWS\System32\bcryptPrimitives.dll
0x00007fff9b9d0000 - 0x00007fff9b9de000 	c:\Users\Tan\.vscode\extensions\redhat.java-1.3.0\jre\17.0.1-win32-x86_64\bin\instrument.dll
0x00007fff91b20000 - 0x00007fff91b45000 	c:\Users\Tan\.vscode\extensions\redhat.java-1.3.0\jre\17.0.1-win32-x86_64\bin\java.dll
0x00007fff91b00000 - 0x00007fff91b18000 	c:\Users\Tan\.vscode\extensions\redhat.java-1.3.0\jre\17.0.1-win32-x86_64\bin\zip.dll
0x00007fffa3ee0000 - 0x00007fffa4624000 	C:\WINDOWS\System32\SHELL32.dll
0x00007fffa14f0000 - 0x00007fffa1c84000 	C:\WINDOWS\SYSTEM32\windows.storage.dll
0x00007fffa48f0000 - 0x00007fffa4c45000 	C:\WINDOWS\System32\combase.dll
0x00007fffa2de0000 - 0x00007fffa2e0e000 	C:\WINDOWS\SYSTEM32\Wldp.dll
0x00007fffa59d0000 - 0x00007fffa5a7d000 	C:\WINDOWS\System32\SHCORE.dll
0x00007fffa5ae0000 - 0x00007fffa5b35000 	C:\WINDOWS\System32\shlwapi.dll
0x00007fffa3340000 - 0x00007fffa335f000 	C:\WINDOWS\SYSTEM32\profapi.dll
0x00007fff91ae0000 - 0x00007fff91af9000 	C:\Users\Tan\.vscode\extensions\redhat.java-1.3.0\jre\17.0.1-win32-x86_64\bin\net.dll
0x00007fff966e0000 - 0x00007fff967ec000 	C:\WINDOWS\SYSTEM32\WINHTTP.dll
0x00007fffa2ae0000 - 0x00007fffa2b4a000 	C:\WINDOWS\system32\mswsock.dll
0x00007fff91ac0000 - 0x00007fff91ad5000 	C:\Users\Tan\.vscode\extensions\redhat.java-1.3.0\jre\17.0.1-win32-x86_64\bin\nio.dll
0x00007fff81310000 - 0x00007fff81320000 	c:\Users\Tan\.vscode\extensions\redhat.java-1.3.0\jre\17.0.1-win32-x86_64\bin\verify.dll
0x00007fffa2cd0000 - 0x00007fffa2ce8000 	C:\WINDOWS\SYSTEM32\CRYPTSP.dll
0x00007fffa2460000 - 0x00007fffa2494000 	C:\WINDOWS\system32\rsaenh.dll
0x00007fffa3ae0000 - 0x00007fffa3b07000 	C:\WINDOWS\System32\bcrypt.dll
0x00007fffa32c0000 - 0x00007fffa32ee000 	C:\WINDOWS\SYSTEM32\USERENV.dll
0x00007fffa2cf0000 - 0x00007fffa2cfc000 	C:\WINDOWS\SYSTEM32\CRYPTBASE.dll
0x00007fffa27d0000 - 0x00007fffa280b000 	C:\WINDOWS\SYSTEM32\IPHLPAPI.DLL
0x00007fffa5410000 - 0x00007fffa5418000 	C:\WINDOWS\System32\NSI.dll
0x00007fff98e90000 - 0x00007fff98ea7000 	C:\WINDOWS\SYSTEM32\dhcpcsvc6.DLL
0x00007fff98e30000 - 0x00007fff98e4d000 	C:\WINDOWS\SYSTEM32\dhcpcsvc.DLL
0x00007fffa2810000 - 0x00007fffa28db000 	C:\WINDOWS\SYSTEM32\DNSAPI.dll
0x00007fff8de60000 - 0x00007fff8de9e000 	C:\Users\Tan\AppData\Roaming\Code\User\globalStorage\redhat.java\1.3.0\config_win\org.eclipse.equinox.launcher\org.eclipse.equinox.launcher.win32.win32.x86_64_1.2.400.v20211117-0650\eclipse_11602.dll
0x00007fffa56f0000 - 0x00007fffa581a000 	C:\WINDOWS\System32\ole32.dll
0x00007fff81e00000 - 0x00007fff81e11000 	C:\Users\Tan\AppData\Roaming\Code\User\globalStorage\redhat.java\1.3.0\config_win\org.eclipse.osgi\22\0\.cp\jWinHttp-1.0.0.dll
0x00007fff91db0000 - 0x00007fff91db9000 	C:\Users\Tan\.vscode\extensions\redhat.java-1.3.0\jre\17.0.1-win32-x86_64\bin\management.dll
0x00007fff89300000 - 0x00007fff8930b000 	C:\Users\Tan\.vscode\extensions\redhat.java-1.3.0\jre\17.0.1-win32-x86_64\bin\management_ext.dll

dbghelp: loaded successfully - version: 4.0.5 - missing functions: none
symbol engine: initialized successfully - sym options: 0x614 - pdb path: .;c:\Users\Tan\.vscode\extensions\redhat.java-1.3.0\jre\17.0.1-win32-x86_64\bin;C:\WINDOWS\SYSTEM32;C:\WINDOWS\WinSxS\amd64_microsoft.windows.common-controls_6595b64144ccf1df_6.0.19041.1110_none_60b5254171f9507e;c:\Users\Tan\.vscode\extensions\redhat.java-1.3.0\jre\17.0.1-win32-x86_64\bin\server;C:\Users\Tan\AppData\Roaming\Code\User\globalStorage\redhat.java\1.3.0\config_win\org.eclipse.equinox.launcher\org.eclipse.equinox.launcher.win32.win32.x86_64_1.2.400.v20211117-0650;C:\Users\Tan\AppData\Roaming\Code\User\globalStorage\redhat.java\1.3.0\config_win\org.eclipse.osgi\22\0\.cp

VM Arguments:
jvm_args: --add-modules=ALL-SYSTEM --add-opens=java.base/java.util=ALL-UNNAMED --add-opens=java.base/java.lang=ALL-UNNAMED --add-opens=java.base/sun.nio.fs=ALL-UNNAMED -Declipse.application=org.eclipse.jdt.ls.core.id1 -Dosgi.bundles.defaultStartLevel=4 -Declipse.product=org.eclipse.jdt.ls.core.product -Djava.import.generatesMetadataFilesAtProjectRoot=false -Dfile.encoding=utf8 -DwatchParentProcess=false -XX:+UseParallelGC -XX:GCTimeRatio=4 -XX:AdaptiveSizePolicyWeight=90 -Dsun.zip.disableMemoryMapping=true -Xmx1G -Xms100m -javaagent:c:\Users\Tan\.vscode\extensions\gabrielbb.vscode-lombok-1.0.1\server\lombok.jar -XX:+HeapDumpOnOutOfMemoryError -XX:HeapDumpPath=c:\Users\Tan\AppData\Roaming\Code\User\workspaceStorage\f7efcb3a16af17adf86edc57600d5e01\redhat.java 
java_command: c:\Users\Tan\.vscode\extensions\redhat.java-1.3.0\server\plugins\org.eclipse.equinox.launcher_1.6.400.v20210924-0641.jar -configuration c:\Users\Tan\AppData\Roaming\Code\User\globalStorage\redhat.java\1.3.0\config_win -data c:\Users\Tan\AppData\Roaming\Code\User\workspaceStorage\f7efcb3a16af17adf86edc57600d5e01\redhat.java\jdt_ws
java_class_path (initial): c:\Users\Tan\.vscode\extensions\redhat.java-1.3.0\server\plugins\org.eclipse.equinox.launcher_1.6.400.v20210924-0641.jar
Launcher Type: SUN_STANDARD

[Global flags]
    uintx AdaptiveSizePolicyWeight                 = 90                                        {product} {command line}
     intx CICompilerCount                          = 3                                         {product} {ergonomic}
    uintx GCTimeRatio                              = 4                                         {product} {command line}
     bool HeapDumpOnOutOfMemoryError               = true                                   {manageable} {command line}
    ccstr HeapDumpPath                             = c:\Users\Tan\AppData\Roaming\Code\User\workspaceStorage\f7efcb3a16af17adf86edc57600d5e01\redhat.java         {manageable} {command line}
   size_t InitialHeapSize                          = 104857600                                 {product} {command line}
   size_t MaxHeapSize                              = 1073741824                                {product} {command line}
   size_t MaxNewSize                               = 357564416                                 {product} {ergonomic}
   size_t MinHeapDeltaBytes                        = 524288                                    {product} {ergonomic}
   size_t MinHeapSize                              = 104857600                                 {product} {command line}
   size_t NewSize                                  = 34603008                                  {product} {ergonomic}
    uintx NonNMethodCodeHeapSize                   = 5832780                                {pd product} {ergonomic}
    uintx NonProfiledCodeHeapSize                  = 122912730                              {pd product} {ergonomic}
   size_t OldSize                                  = 70254592                                  {product} {ergonomic}
    uintx ProfiledCodeHeapSize                     = 122912730                              {pd product} {ergonomic}
    uintx ReservedCodeCacheSize                    = 251658240                              {pd product} {ergonomic}
     bool SegmentedCodeCache                       = true                                      {product} {ergonomic}
   size_t SoftMaxHeapSize                          = 1073741824                             {manageable} {ergonomic}
     bool UseCompressedClassPointers               = true                           {product lp64_product} {ergonomic}
     bool UseCompressedOops                        = true                           {product lp64_product} {ergonomic}
     bool UseLargePagesIndividualAllocation        = false                                  {pd product} {ergonomic}
     bool UseParallelGC                            = true                                      {product} {command line}

Logging:
Log output configuration:
 #0: stdout all=warning uptime,level,tags
 #1: stderr all=off uptime,level,tags

Environment Variables:
JAVA_HOME=C:\Program Files\Java\jdk-11.0.13
PATH=C:\Program Files (x86)\VMware\VMware Workstation\bin\;C:\Program Files (x86)\Common Files\Oracle\Java\javapath;C:\WINDOWS\system32;C:\WINDOWS;C:\WINDOWS\System32\Wbem;C:\WINDOWS\System32\WindowsPowerShell\v1.0\;C:\WINDOWS\System32\OpenSSH\;C:\maven\bin;C:\Program Files\Git\cmd;C:\Program Files\nodejs\;C:\Program Files (x86)\HP\Common\HPDestPlgIn\;C:\Program Files\Java\jdk-11.0.13\bin;C:\Users\Tan\AppData\Local\Microsoft\WindowsApps;C:\Users\Tan\AppData\Roaming\npm;C:\Program Files (x86)\HP\Common\HPDestPlgIn\;C:\Users\Tan\AppData\Local\Programs\Microsoft VS Code\bin
USERNAME=Tan
OS=Windows_NT
PROCESSOR_IDENTIFIER=AMD64 Family 23 Model 24 Stepping 1, AuthenticAMD



---------------  S Y S T E M  ---------------

OS:
 Windows 10 , 64 bit Build 19041 (10.0.19041.1503)
OS uptime: 0 days 0:41 hours

CPU: total 4 (initial active 4) (4 cores per cpu, 2 threads per core) family 23 model 24 stepping 1 microcode 0x0, cx8, cmov, fxsr, ht, mmx, 3dnowpref, sse, sse2, sse3, ssse3, sse4a, sse4.1, sse4.2, popcnt, lzcnt, tsc, tscinvbit, avx, avx2, aes, clmul, bmi1, bmi2, adx, sha, fma, vzeroupper, clflush, clflushopt

Memory: 4k page, system-wide physical 6030M (192M free)
TotalPageFile size 24462M (AvailPageFile size 1M)
current process WorkingSet (physical memory assigned to process): 296M, peak: 310M
current process commit charge ("private bytes"): 356M, peak: 378M

vm_info: OpenJDK 64-Bit Server VM (17.0.1+12) for windows-amd64 JRE (17.0.1+12), built on Oct 20 2021 07:42:55 by "" with MS VC++ 16.7 (VS2019)

END.
