#
# There is insufficient memory for the Java Runtime Environment to continue.
# Native memory allocation (malloc) failed to allocate 32744 bytes for ChunkPool::allocate
# Possible reasons:
#   The system is out of physical RAM or swap space
#   The process is running with CompressedOops enabled, and the Java Heap may be blocking the growth of the native heap
# Possible solutions:
#   Reduce memory load on the system
#   Increase physical memory or swap space
#   Check if swap backing store is full
#   Decrease Java heap size (-Xmx/-Xms)
#   Decrease number of Java threads
#   Decrease Java thread stack sizes (-Xss)
#   Set larger code cache with -XX:ReservedCodeCacheSize=
#   JVM is running with Unscaled Compressed Oops mode in which the Java heap is
#     placed in the first 4GB address space. The Java Heap base address is the
#     maximum limit for the native heap growth. Please use -XX:HeapBaseMinAddress
#     to set the Java Heap base and to place the Java Heap above 4GB virtual address.
# This output file may be truncated or incomplete.
#
#  Out of Memory Error (arena.cpp:78), pid=11664, tid=6800
#
# JRE version: OpenJDK Runtime Environment Temurin-17.0.1+12 (17.0.1+12) (build 17.0.1+12)
# Java VM: OpenJDK 64-Bit Server VM Temurin-17.0.1+12 (17.0.1+12, mixed mode, tiered, compressed oops, compressed class ptrs, parallel gc, windows-amd64)
# No core dump will be written. Minidumps are not enabled by default on client versions of Windows
#

---------------  S U M M A R Y ------------

Command Line: --add-modules=ALL-SYSTEM --add-opens=java.base/java.util=ALL-UNNAMED --add-opens=java.base/java.lang=ALL-UNNAMED --add-opens=java.base/sun.nio.fs=ALL-UNNAMED -Declipse.application=org.eclipse.jdt.ls.core.id1 -Dosgi.bundles.defaultStartLevel=4 -Declipse.product=org.eclipse.jdt.ls.core.product -Djava.import.generatesMetadataFilesAtProjectRoot=false -Dfile.encoding=utf8 -DwatchParentProcess=false -XX:+UseParallelGC -XX:GCTimeRatio=4 -XX:AdaptiveSizePolicyWeight=90 -Dsun.zip.disableMemoryMapping=true -Xmx1G -Xms100m -javaagent:c:\Users\Tan\.vscode\extensions\gabrielbb.vscode-lombok-1.0.1\server\lombok.jar -XX:+HeapDumpOnOutOfMemoryError -XX:HeapDumpPath=c:\Users\Tan\AppData\Roaming\Code\User\workspaceStorage\f7efcb3a16af17adf86edc57600d5e01\redhat.java c:\Users\Tan\.vscode\extensions\redhat.java-1.3.0\server\plugins\org.eclipse.equinox.launcher_1.6.400.v20210924-0641.jar -configuration c:\Users\Tan\AppData\Roaming\Code\User\globalStorage\redhat.java\1.3.0\config_win -data c:\Users\Tan\AppData\Roaming\Code\User\workspaceStorage\f7efcb3a16af17adf86edc57600d5e01\redhat.java\jdt_ws

Host: AMD Ryzen 3 3250U with Radeon Graphics         , 4 cores, 5G,  Windows 10 , 64 bit Build 19041 (10.0.19041.1503)
Time: Sun Feb 20 08:07:29 2022 SE Asia Standard Time elapsed time: 107.628216 seconds (0d 0h 1m 47s)

---------------  T H R E A D  ---------------

Current thread (0x000001e67494d130):  JavaThread "C1 CompilerThread0" daemon [_thread_in_native, id=6800, stack(0x000000727a300000,0x000000727a400000)]


Current CompileTask:
C1: 107630 11571       3       org.eclipse.jdt.internal.compiler.util.SimpleSetOfCharArray::asArray (69 bytes)

Stack: [0x000000727a300000,0x000000727a400000]
Native frames: (J=compiled Java code, j=interpreted, Vv=VM code, C=native code)
V  [jvm.dll+0x6744da]
V  [jvm.dll+0x82e144]
V  [jvm.dll+0x82f8ee]
V  [jvm.dll+0x82ff53]
V  [jvm.dll+0x245175]
V  [jvm.dll+0xabaa0]
V  [jvm.dll+0xabdec]
V  [jvm.dll+0x175593]
V  [jvm.dll+0x17565e]
V  [jvm.dll+0x177f79]
V  [jvm.dll+0x179fb1]
V  [jvm.dll+0x1342b3]
V  [jvm.dll+0x133baf]
V  [jvm.dll+0x133de6]
V  [jvm.dll+0x13327a]
V  [jvm.dll+0x134f41]
V  [jvm.dll+0x226e38]
V  [jvm.dll+0x224f7c]
V  [jvm.dll+0x7e3f5b]
V  [jvm.dll+0x7de51a]
V  [jvm.dll+0x673305]
C  [ucrtbase.dll+0x21bb2]
C  [KERNEL32.DLL+0x17034]
C  [ntdll.dll+0x52651]


---------------  P R O C E S S  ---------------

Threads class SMR info:
_java_thread_list=0x000001e67aabb1e0, length=25, elements={
0x000001e66faf3580, 0x000001e674908760, 0x000001e67490bc50, 0x000001e67491c7a0,
0x000001e67491d260, 0x000001e67491db20, 0x000001e67491e3e0, 0x000001e67494c020,
0x000001e67494d130, 0x000001e676320020, 0x000001e66fbb18e0, 0x000001e6765d3290,
0x000001e677902b80, 0x000001e6779985f0, 0x000001e67799a3f0, 0x000001e67786d860,
0x000001e676e9bbf0, 0x000001e67798aa00, 0x000001e67798aed0, 0x000001e67798bd40,
0x000001e67798d550, 0x000001e67798da20, 0x000001e676b601e0, 0x000001e676b63200,
0x000001e676b636d0
}

Java Threads: ( => current thread )
  0x000001e66faf3580 JavaThread "main" [_thread_blocked, id=10428, stack(0x0000007279900000,0x0000007279a00000)]
  0x000001e674908760 JavaThread "Reference Handler" daemon [_thread_blocked, id=15144, stack(0x0000007279c00000,0x0000007279d00000)]
  0x000001e67490bc50 JavaThread "Finalizer" daemon [_thread_blocked, id=14564, stack(0x0000007279d00000,0x0000007279e00000)]
  0x000001e67491c7a0 JavaThread "Signal Dispatcher" daemon [_thread_blocked, id=14504, stack(0x0000007279e00000,0x0000007279f00000)]
  0x000001e67491d260 JavaThread "Attach Listener" daemon [_thread_blocked, id=10028, stack(0x0000007279f00000,0x000000727a000000)]
  0x000001e67491db20 JavaThread "Service Thread" daemon [_thread_blocked, id=11984, stack(0x000000727a000000,0x000000727a100000)]
  0x000001e67491e3e0 JavaThread "Monitor Deflation Thread" daemon [_thread_blocked, id=12520, stack(0x000000727a100000,0x000000727a200000)]
  0x000001e67494c020 JavaThread "C2 CompilerThread0" daemon [_thread_in_native, id=7368, stack(0x000000727a200000,0x000000727a300000)]
=>0x000001e67494d130 JavaThread "C1 CompilerThread0" daemon [_thread_in_native, id=6800, stack(0x000000727a300000,0x000000727a400000)]
  0x000001e676320020 JavaThread "Sweeper thread" daemon [_thread_blocked, id=3764, stack(0x000000727a400000,0x000000727a500000)]
  0x000001e66fbb18e0 JavaThread "Common-Cleaner" daemon [_thread_blocked, id=11392, stack(0x000000727a500000,0x000000727a600000)]
  0x000001e6765d3290 JavaThread "Notification Thread" daemon [_thread_blocked, id=4748, stack(0x000000727a600000,0x000000727a700000)]
  0x000001e677902b80 JavaThread "Active Thread: Equinox Container: 13c75a09-e063-4c3b-8bb1-182fb9384383" [_thread_blocked, id=12824, stack(0x000000727ac00000,0x000000727ad00000)]
  0x000001e6779985f0 JavaThread "Framework Event Dispatcher: Equinox Container: 13c75a09-e063-4c3b-8bb1-182fb9384383" daemon [_thread_blocked, id=9096, stack(0x000000727a800000,0x000000727a900000)]
  0x000001e67799a3f0 JavaThread "Start Level: Equinox Container: 13c75a09-e063-4c3b-8bb1-182fb9384383" daemon [_thread_blocked, id=6556, stack(0x000000727ad00000,0x000000727ae00000)]
  0x000001e67786d860 JavaThread "SCR Component Actor" daemon [_thread_blocked, id=14644, stack(0x000000727ae00000,0x000000727af00000)]
  0x000001e676e9bbf0 JavaThread "Bundle File Closer" daemon [_thread_blocked, id=580, stack(0x000000727b000000,0x000000727b100000)]
  0x000001e67798aa00 JavaThread "Worker-JM" [_thread_blocked, id=9836, stack(0x000000727b100000,0x000000727b200000)]
  0x000001e67798aed0 JavaThread "Worker-0" [_thread_blocked, id=11044, stack(0x000000727b200000,0x000000727b300000)]
  0x000001e67798bd40 JavaThread "Worker-2" [_thread_blocked, id=7076, stack(0x000000727b400000,0x000000727b500000)]
  0x000001e67798d550 JavaThread "Java indexing" daemon [_thread_blocked, id=224, stack(0x000000727b500000,0x000000727b600000)]
  0x000001e67798da20 JavaThread "pool-2-thread-1" [_thread_in_native, id=5008, stack(0x000000727b600000,0x000000727b700000)]
  0x000001e676b601e0 JavaThread "ForkJoinPool.commonPool-worker-1" daemon [_thread_in_native, id=15056, stack(0x000000727b800000,0x000000727b900000)]
  0x000001e676b63200 JavaThread "ForkJoinPool.commonPool-worker-2" daemon [_thread_blocked, id=6084, stack(0x000000727b900000,0x000000727ba00000)]
  0x000001e676b636d0 JavaThread "ForkJoinPool.commonPool-worker-3" daemon [_thread_blocked, id=11692, stack(0x000000727ba00000,0x000000727bb00000)]

Other Threads:
  0x000001e6748ef540 VMThread "VM Thread" [stack: 0x0000007279b00000,0x0000007279c00000] [id=1572]
  0x000001e6765d3760 WatcherThread [stack: 0x000000727a700000,0x000000727a800000] [id=7012]
  0x000001e66fb096d0 GCTaskThread "GC Thread#0" [stack: 0x0000007279a00000,0x0000007279b00000] [id=6100]
  0x000001e676a08760 GCTaskThread "GC Thread#1" [stack: 0x000000727a900000,0x000000727aa00000] [id=3696]
  0x000001e676d66080 GCTaskThread "GC Thread#2" [stack: 0x000000727aa00000,0x000000727ab00000] [id=10032]
  0x000001e676d66330 GCTaskThread "GC Thread#3" [stack: 0x000000727ab00000,0x000000727ac00000] [id=13124]

Threads with active compile tasks:
C2 CompilerThread0   107720 11560       4       org.eclipse.jdt.internal.compiler.lookup.AnnotatableTypeSystem::getParameterizedType (123 bytes)
C1 CompilerThread0   107720 11571       3       org.eclipse.jdt.internal.compiler.util.SimpleSetOfCharArray::asArray (69 bytes)

VM state: not at safepoint (normal execution)

VM Mutex/Monitor currently owned by a thread: None

Heap address: 0x00000000c0000000, size: 1024 MB, Compressed Oops mode: 32-bit

CDS archive(s) not mapped
Compressed class space mapped at: 0x0000000100000000-0x0000000140000000, reserved size: 1073741824
Narrow klass base: 0x0000000000000000, Narrow klass shift: 3, Narrow klass range: 0x140000000

GC Precious Log:
 CPUs: 4 total, 4 available
 Memory: 6030M
 Large Page Support: Disabled
 NUMA Support: Disabled
 Compressed Oops: Enabled (32-bit)
 Alignments: Space 512K, Generation 512K, Heap 2M
 Heap Min Capacity: 100M
 Heap Initial Capacity: 100M
 Heap Max Capacity: 1G
 Pre-touch: Disabled
 Parallel Workers: 4

Heap:
 PSYoungGen      total 4608K, used 2461K [0x00000000eab00000, 0x00000000eb100000, 0x0000000100000000)
  eden space 3072K, 44% used [0x00000000eab00000,0x00000000eac526e0,0x00000000eae00000)
  from space 1536K, 72% used [0x00000000eae00000,0x00000000eaf14da8,0x00000000eaf80000)
  to   space 1536K, 0% used [0x00000000eaf80000,0x00000000eaf80000,0x00000000eb100000)
 ParOldGen       total 104448K, used 91855K [0x00000000c0000000, 0x00000000c6600000, 0x00000000eab00000)
  object space 104448K, 87% used [0x00000000c0000000,0x00000000c59b3fe0,0x00000000c6600000)
 Metaspace       used 73170K, committed 74240K, reserved 1122304K
  class space    used 7549K, committed 8064K, reserved 1048576K

Card table byte_map: [0x000001e66f4b0000,0x000001e66f6c0000] _byte_map_base: 0x000001e66eeb0000

Marking Bits: (ParMarkBitMap*) 0x00007fff41ea2a60
 Begin Bits: [0x000001e672780000, 0x000001e673780000)
 End Bits:   [0x000001e673780000, 0x000001e674780000)

Polling page: 0x000001e66d970000

Metaspace:

Usage:
  Non-class:     64.08 MB used.
      Class:      7.37 MB used.
       Both:     71.46 MB used.

Virtual space:
  Non-class space:       72.00 MB reserved,      64.62 MB ( 90%) committed,  9 nodes.
      Class space:        1.00 GB reserved,       7.88 MB ( <1%) committed,  1 nodes.
             Both:        1.07 GB reserved,      72.50 MB (  7%) committed. 

Chunk freelists:
   Non-Class:  3.14 MB
       Class:  125.00 KB
        Both:  3.26 MB

MaxMetaspaceSize: unlimited
CompressedClassSpaceSize: 1.00 GB
Initial GC threshold: 21.00 MB
Current GC threshold: 120.75 MB
CDS: off
MetaspaceReclaimPolicy: balanced
 - commit_granule_bytes: 65536.
 - commit_granule_words: 8192.
 - virtual_space_node_default_size: 1048576.
 - enlarge_chunks_in_place: 1.
 - new_chunks_are_fully_committed: 0.
 - uncommit_free_chunks: 1.
 - use_allocation_guard: 0.
 - handle_deallocations: 1.


Internal statistics:

num_allocs_failed_limit: 15.
num_arena_births: 546.
num_arena_deaths: 0.
num_vsnodes_births: 10.
num_vsnodes_deaths: 0.
num_space_committed: 1160.
num_space_uncommitted: 0.
num_chunks_returned_to_freelist: 15.
num_chunks_taken_from_freelist: 3429.
num_chunk_merges: 15.
num_chunk_splits: 2235.
num_chunks_enlarged: 1429.
num_purges: 0.
num_inconsistent_stats: 0.

CodeHeap 'non-profiled nmethods': size=120000Kb used=5412Kb max_used=5412Kb free=114588Kb
 bounds [0x000001e607ad0000, 0x000001e608020000, 0x000001e60f000000]
CodeHeap 'profiled nmethods': size=120000Kb used=21464Kb max_used=21464Kb free=98535Kb
 bounds [0x000001e6005a0000, 0x000001e601aa0000, 0x000001e607ad0000]
CodeHeap 'non-nmethods': size=5760Kb used=1364Kb max_used=1433Kb free=4395Kb
 bounds [0x000001e600000000, 0x000001e600270000, 0x000001e6005a0000]
 total_blobs=10464 nmethods=9757 adapters=620
 compilation: enabled
              stopped_count=0, restarted_count=0
 full_count=0

Compilation events (20 events):
Event: 105.715 Thread 0x000001e67494c020 11556       4       org.eclipse.jdt.internal.compiler.lookup.ModuleBinding::isPackageExportedTo (126 bytes)
Event: 105.759 Thread 0x000001e67494c020 nmethod 11556 0x000001e608016f10 code [0x000001e608017180, 0x000001e6080182a0]
Event: 105.759 Thread 0x000001e67494c020 11560       4       org.eclipse.jdt.internal.compiler.lookup.AnnotatableTypeSystem::getParameterizedType (123 bytes)
Event: 105.769 Thread 0x000001e67494d130 11563       3       lombok.eclipse.agent.PatchValEclipse::couldBeVal (8 bytes)
Event: 105.769 Thread 0x000001e67494d130 nmethod 11563 0x000001e601a91790 code [0x000001e601a91920, 0x000001e601a91a48]
Event: 105.769 Thread 0x000001e67494d130 11564       3       lombok.eclipse.agent.PatchValEclipse::couldBeVar (24 bytes)
Event: 105.769 Thread 0x000001e67494d130 nmethod 11564 0x000001e601a91b10 code [0x000001e601a91cc0, 0x000001e601a91ed8]
Event: 105.769 Thread 0x000001e67494d130 11565       3       org.eclipse.jdt.internal.compiler.parser.Parser::consumeLocalVariableDeclaration (86 bytes)
Event: 105.770 Thread 0x000001e67494d130 nmethod 11565 0x000001e601a91f90 code [0x000001e601a92140, 0x000001e601a92428]
Event: 105.770 Thread 0x000001e67494d130 11566       3       org.eclipse.jdt.internal.compiler.parser.Parser::consumeLocalVariableDeclarationStatement (374 bytes)
Event: 105.771 Thread 0x000001e67494d130 nmethod 11566 0x000001e601a92610 code [0x000001e601a92960, 0x000001e601a94368]
Event: 105.771 Thread 0x000001e67494d130 11567       3       org.eclipse.jdt.internal.compiler.parser.Parser::createLocalDeclaration (11 bytes)
Event: 105.772 Thread 0x000001e67494d130 nmethod 11567 0x000001e601a94d90 code [0x000001e601a94f40, 0x000001e601a952b8]
Event: 105.772 Thread 0x000001e67494d130 11569       3       org.eclipse.jdt.internal.compiler.parser.Parser::consumeEnterInstanceCreationArgumentList (1 bytes)
Event: 105.772 Thread 0x000001e67494d130 nmethod 11569 0x000001e601a95490 code [0x000001e601a95620, 0x000001e601a95738]
Event: 105.772 Thread 0x000001e67494d130 11570       3       org.eclipse.jdt.internal.compiler.parser.Parser::consumeClassInstanceCreationExpression (10 bytes)
Event: 105.772 Thread 0x000001e67494d130 nmethod 11570 0x000001e601a95810 code [0x000001e601a959c0, 0x000001e601a95c68]
Event: 105.772 Thread 0x000001e67494d130 11568       3       org.eclipse.jdt.internal.compiler.parser.Parser::consumeForceNoDiet (11 bytes)
Event: 105.772 Thread 0x000001e67494d130 nmethod 11568 0x000001e601a95d90 code [0x000001e601a95f20, 0x000001e601a96038]
Event: 105.775 Thread 0x000001e67494d130 11571       3       org.eclipse.jdt.internal.compiler.util.SimpleSetOfCharArray::asArray (69 bytes)

GC Heap History (20 events):
Event: 98.448 GC heap before
{Heap before GC invocations=106 (full 6):
 PSYoungGen      total 3584K, used 3577K [0x00000000eab00000, 0x00000000eb300000, 0x0000000100000000)
  eden space 2560K, 100% used [0x00000000eab00000,0x00000000ead80000,0x00000000ead80000)
  from space 1024K, 99% used [0x00000000eb000000,0x00000000eb0fe560,0x00000000eb100000)
  to   space 2560K, 0% used [0x00000000ead80000,0x00000000ead80000,0x00000000eb000000)
 ParOldGen       total 101888K, used 99409K [0x00000000c0000000, 0x00000000c6380000, 0x00000000eab00000)
  object space 101888K, 97% used [0x00000000c0000000,0x00000000c6114618,0x00000000c6380000)
 Metaspace       used 73108K, committed 74176K, reserved 1122304K
  class space    used 7546K, committed 8064K, reserved 1048576K
}
Event: 98.457 GC heap after
{Heap after GC invocations=106 (full 6):
 PSYoungGen      total 5120K, used 2560K [0x00000000eab00000, 0x00000000eb380000, 0x0000000100000000)
  eden space 2560K, 0% used [0x00000000eab00000,0x00000000eab00000,0x00000000ead80000)
  from space 2560K, 100% used [0x00000000ead80000,0x00000000eb000000,0x00000000eb000000)
  to   space 3072K, 0% used [0x00000000eb080000,0x00000000eb080000,0x00000000eb380000)
 ParOldGen       total 101888K, used 100458K [0x00000000c0000000, 0x00000000c6380000, 0x00000000eab00000)
  object space 101888K, 98% used [0x00000000c0000000,0x00000000c621ab78,0x00000000c6380000)
 Metaspace       used 73108K, committed 74176K, reserved 1122304K
  class space    used 7546K, committed 8064K, reserved 1048576K
}
Event: 98.471 GC heap before
{Heap before GC invocations=107 (full 6):
 PSYoungGen      total 5120K, used 5120K [0x00000000eab00000, 0x00000000eb380000, 0x0000000100000000)
  eden space 2560K, 100% used [0x00000000eab00000,0x00000000ead80000,0x00000000ead80000)
  from space 2560K, 100% used [0x00000000ead80000,0x00000000eb000000,0x00000000eb000000)
  to   space 3072K, 0% used [0x00000000eb080000,0x00000000eb080000,0x00000000eb380000)
 ParOldGen       total 101888K, used 100458K [0x00000000c0000000, 0x00000000c6380000, 0x00000000eab00000)
  object space 101888K, 98% used [0x00000000c0000000,0x00000000c621ab78,0x00000000c6380000)
 Metaspace       used 73108K, committed 74176K, reserved 1122304K
  class space    used 7546K, committed 8064K, reserved 1048576K
}
Event: 98.485 GC heap after
{Heap after GC invocations=107 (full 6):
 PSYoungGen      total 5632K, used 2624K [0x00000000eab00000, 0x00000000eb400000, 0x0000000100000000)
  eden space 2560K, 0% used [0x00000000eab00000,0x00000000eab00000,0x00000000ead80000)
  from space 3072K, 85% used [0x00000000eb080000,0x00000000eb310000,0x00000000eb380000)
  to   space 3072K, 0% used [0x00000000ead80000,0x00000000ead80000,0x00000000eb080000)
 ParOldGen       total 103424K, used 103010K [0x00000000c0000000, 0x00000000c6500000, 0x00000000eab00000)
  object space 103424K, 99% used [0x00000000c0000000,0x00000000c6498b78,0x00000000c6500000)
 Metaspace       used 73108K, committed 74176K, reserved 1122304K
  class space    used 7546K, committed 8064K, reserved 1048576K
}
Event: 98.485 GC heap before
{Heap before GC invocations=108 (full 7):
 PSYoungGen      total 5632K, used 2624K [0x00000000eab00000, 0x00000000eb400000, 0x0000000100000000)
  eden space 2560K, 0% used [0x00000000eab00000,0x00000000eab00000,0x00000000ead80000)
  from space 3072K, 85% used [0x00000000eb080000,0x00000000eb310000,0x00000000eb380000)
  to   space 3072K, 0% used [0x00000000ead80000,0x00000000ead80000,0x00000000eb080000)
 ParOldGen       total 103424K, used 103010K [0x00000000c0000000, 0x00000000c6500000, 0x00000000eab00000)
  object space 103424K, 99% used [0x00000000c0000000,0x00000000c6498b78,0x00000000c6500000)
 Metaspace       used 73108K, committed 74176K, reserved 1122304K
  class space    used 7546K, committed 8064K, reserved 1048576K
}
Event: 98.633 GC heap after
{Heap after GC invocations=108 (full 7):
 PSYoungGen      total 5632K, used 0K [0x00000000eab00000, 0x00000000eb400000, 0x0000000100000000)
  eden space 2560K, 0% used [0x00000000eab00000,0x00000000eab00000,0x00000000ead80000)
  from space 3072K, 0% used [0x00000000ead80000,0x00000000ead80000,0x00000000eb080000)
  to   space 3072K, 0% used [0x00000000eb100000,0x00000000eb100000,0x00000000eb400000)
 ParOldGen       total 104448K, used 76854K [0x00000000c0000000, 0x00000000c6600000, 0x00000000eab00000)
  object space 104448K, 73% used [0x00000000c0000000,0x00000000c4b0d808,0x00000000c6600000)
 Metaspace       used 73108K, committed 74176K, reserved 1122304K
  class space    used 7546K, committed 8064K, reserved 1048576K
}
Event: 98.651 GC heap before
{Heap before GC invocations=109 (full 7):
 PSYoungGen      total 5632K, used 2560K [0x00000000eab00000, 0x00000000eb400000, 0x0000000100000000)
  eden space 2560K, 100% used [0x00000000eab00000,0x00000000ead80000,0x00000000ead80000)
  from space 3072K, 0% used [0x00000000ead80000,0x00000000ead80000,0x00000000eb080000)
  to   space 3072K, 0% used [0x00000000eb100000,0x00000000eb100000,0x00000000eb400000)
 ParOldGen       total 104448K, used 76854K [0x00000000c0000000, 0x00000000c6600000, 0x00000000eab00000)
  object space 104448K, 73% used [0x00000000c0000000,0x00000000c4b0d808,0x00000000c6600000)
 Metaspace       used 73110K, committed 74176K, reserved 1122304K
  class space    used 7546K, committed 8064K, reserved 1048576K
}
Event: 98.653 GC heap after
{Heap after GC invocations=109 (full 7):
 PSYoungGen      total 4608K, used 1204K [0x00000000eab00000, 0x00000000eb280000, 0x0000000100000000)
  eden space 3072K, 0% used [0x00000000eab00000,0x00000000eab00000,0x00000000eae00000)
  from space 1536K, 78% used [0x00000000eb100000,0x00000000eb22d200,0x00000000eb280000)
  to   space 2048K, 0% used [0x00000000eae80000,0x00000000eae80000,0x00000000eb080000)
 ParOldGen       total 104448K, used 76854K [0x00000000c0000000, 0x00000000c6600000, 0x00000000eab00000)
  object space 104448K, 73% used [0x00000000c0000000,0x00000000c4b0d808,0x00000000c6600000)
 Metaspace       used 73110K, committed 74176K, reserved 1122304K
  class space    used 7546K, committed 8064K, reserved 1048576K
}
Event: 98.699 GC heap before
{Heap before GC invocations=110 (full 7):
 PSYoungGen      total 4608K, used 4276K [0x00000000eab00000, 0x00000000eb280000, 0x0000000100000000)
  eden space 3072K, 100% used [0x00000000eab00000,0x00000000eae00000,0x00000000eae00000)
  from space 1536K, 78% used [0x00000000eb100000,0x00000000eb22d200,0x00000000eb280000)
  to   space 2048K, 0% used [0x00000000eae80000,0x00000000eae80000,0x00000000eb080000)
 ParOldGen       total 104448K, used 76854K [0x00000000c0000000, 0x00000000c6600000, 0x00000000eab00000)
  object space 104448K, 73% used [0x00000000c0000000,0x00000000c4b0d808,0x00000000c6600000)
 Metaspace       used 73115K, committed 74176K, reserved 1122304K
  class space    used 7546K, committed 8064K, reserved 1048576K
}
Event: 98.701 GC heap after
{Heap after GC invocations=110 (full 7):
 PSYoungGen      total 5120K, used 576K [0x00000000eab00000, 0x00000000eb180000, 0x0000000100000000)
  eden space 3072K, 0% used [0x00000000eab00000,0x00000000eab00000,0x00000000eae00000)
  from space 2048K, 28% used [0x00000000eae80000,0x00000000eaf10000,0x00000000eb080000)
  to   space 1024K, 0% used [0x00000000eb080000,0x00000000eb080000,0x00000000eb180000)
 ParOldGen       total 104448K, used 77938K [0x00000000c0000000, 0x00000000c6600000, 0x00000000eab00000)
  object space 104448K, 74% used [0x00000000c0000000,0x00000000c4c1ca28,0x00000000c6600000)
 Metaspace       used 73115K, committed 74176K, reserved 1122304K
  class space    used 7546K, committed 8064K, reserved 1048576K
}
Event: 98.715 GC heap before
{Heap before GC invocations=111 (full 7):
 PSYoungGen      total 5120K, used 3648K [0x00000000eab00000, 0x00000000eb180000, 0x0000000100000000)
  eden space 3072K, 100% used [0x00000000eab00000,0x00000000eae00000,0x00000000eae00000)
  from space 2048K, 28% used [0x00000000eae80000,0x00000000eaf10000,0x00000000eb080000)
  to   space 1024K, 0% used [0x00000000eb080000,0x00000000eb080000,0x00000000eb180000)
 ParOldGen       total 104448K, used 77938K [0x00000000c0000000, 0x00000000c6600000, 0x00000000eab00000)
  object space 104448K, 74% used [0x00000000c0000000,0x00000000c4c1ca28,0x00000000c6600000)
 Metaspace       used 73120K, committed 74240K, reserved 1122304K
  class space    used 7546K, committed 8064K, reserved 1048576K
}
Event: 98.717 GC heap after
{Heap after GC invocations=111 (full 7):
 PSYoungGen      total 3584K, used 484K [0x00000000eab00000, 0x00000000eb100000, 0x0000000100000000)
  eden space 3072K, 0% used [0x00000000eab00000,0x00000000eab00000,0x00000000eae00000)
  from space 512K, 94% used [0x00000000eb080000,0x00000000eb0f9210,0x00000000eb100000)
  to   space 1024K, 0% used [0x00000000eaf00000,0x00000000eaf00000,0x00000000eb000000)
 ParOldGen       total 104448K, used 78378K [0x00000000c0000000, 0x00000000c6600000, 0x00000000eab00000)
  object space 104448K, 75% used [0x00000000c0000000,0x00000000c4c8aa28,0x00000000c6600000)
 Metaspace       used 73120K, committed 74240K, reserved 1122304K
  class space    used 7546K, committed 8064K, reserved 1048576K
}
Event: 105.689 GC heap before
{Heap before GC invocations=112 (full 7):
 PSYoungGen      total 3584K, used 3556K [0x00000000eab00000, 0x00000000eb100000, 0x0000000100000000)
  eden space 3072K, 100% used [0x00000000eab00000,0x00000000eae00000,0x00000000eae00000)
  from space 512K, 94% used [0x00000000eb080000,0x00000000eb0f9210,0x00000000eb100000)
  to   space 1024K, 0% used [0x00000000eaf00000,0x00000000eaf00000,0x00000000eb000000)
 ParOldGen       total 104448K, used 78378K [0x00000000c0000000, 0x00000000c6600000, 0x00000000eab00000)
  object space 104448K, 75% used [0x00000000c0000000,0x00000000c4c8aa28,0x00000000c6600000)
 Metaspace       used 73144K, committed 74240K, reserved 1122304K
  class space    used 7546K, committed 8064K, reserved 1048576K
}
Event: 105.691 GC heap after
{Heap after GC invocations=112 (full 7):
 PSYoungGen      total 4096K, used 958K [0x00000000eab00000, 0x00000000eb100000, 0x0000000100000000)
  eden space 3072K, 0% used [0x00000000eab00000,0x00000000eab00000,0x00000000eae00000)
  from space 1024K, 93% used [0x00000000eaf00000,0x00000000eafef8c0,0x00000000eb000000)
  to   space 1024K, 0% used [0x00000000eb000000,0x00000000eb000000,0x00000000eb100000)
 ParOldGen       total 104448K, used 78823K [0x00000000c0000000, 0x00000000c6600000, 0x00000000eab00000)
  object space 104448K, 75% used [0x00000000c0000000,0x00000000c4cf9c48,0x00000000c6600000)
 Metaspace       used 73144K, committed 74240K, reserved 1122304K
  class space    used 7546K, committed 8064K, reserved 1048576K
}
Event: 105.703 GC heap before
{Heap before GC invocations=113 (full 7):
 PSYoungGen      total 4096K, used 4030K [0x00000000eab00000, 0x00000000eb100000, 0x0000000100000000)
  eden space 3072K, 100% used [0x00000000eab00000,0x00000000eae00000,0x00000000eae00000)
  from space 1024K, 93% used [0x00000000eaf00000,0x00000000eafef8c0,0x00000000eb000000)
  to   space 1024K, 0% used [0x00000000eb000000,0x00000000eb000000,0x00000000eb100000)
 ParOldGen       total 104448K, used 78823K [0x00000000c0000000, 0x00000000c6600000, 0x00000000eab00000)
  object space 104448K, 75% used [0x00000000c0000000,0x00000000c4cf9c48,0x00000000c6600000)
 Metaspace       used 73145K, committed 74240K, reserved 1122304K
  class space    used 7546K, committed 8064K, reserved 1048576K
}
Event: 105.706 GC heap after
{Heap after GC invocations=113 (full 7):
 PSYoungGen      total 4096K, used 1012K [0x00000000eab00000, 0x00000000eb100000, 0x0000000100000000)
  eden space 3072K, 0% used [0x00000000eab00000,0x00000000eab00000,0x00000000eae00000)
  from space 1024K, 98% used [0x00000000eb000000,0x00000000eb0fd200,0x00000000eb100000)
  to   space 1024K, 0% used [0x00000000eaf00000,0x00000000eaf00000,0x00000000eb000000)
 ParOldGen       total 104448K, used 80969K [0x00000000c0000000, 0x00000000c6600000, 0x00000000eab00000)
  object space 104448K, 77% used [0x00000000c0000000,0x00000000c4f126e8,0x00000000c6600000)
 Metaspace       used 73145K, committed 74240K, reserved 1122304K
  class space    used 7546K, committed 8064K, reserved 1048576K
}
Event: 105.718 GC heap before
{Heap before GC invocations=114 (full 7):
 PSYoungGen      total 4096K, used 4084K [0x00000000eab00000, 0x00000000eb100000, 0x0000000100000000)
  eden space 3072K, 100% used [0x00000000eab00000,0x00000000eae00000,0x00000000eae00000)
  from space 1024K, 98% used [0x00000000eb000000,0x00000000eb0fd200,0x00000000eb100000)
  to   space 1024K, 0% used [0x00000000eaf00000,0x00000000eaf00000,0x00000000eb000000)
 ParOldGen       total 104448K, used 80969K [0x00000000c0000000, 0x00000000c6600000, 0x00000000eab00000)
  object space 104448K, 77% used [0x00000000c0000000,0x00000000c4f126e8,0x00000000c6600000)
 Metaspace       used 73146K, committed 74240K, reserved 1122304K
  class space    used 7546K, committed 8064K, reserved 1048576K
}
Event: 105.720 GC heap after
{Heap after GC invocations=114 (full 7):
 PSYoungGen      total 4096K, used 1024K [0x00000000eab00000, 0x00000000eb100000, 0x0000000100000000)
  eden space 3072K, 0% used [0x00000000eab00000,0x00000000eab00000,0x00000000eae00000)
  from space 1024K, 100% used [0x00000000eaf00000,0x00000000eb000000,0x00000000eb000000)
  to   space 1024K, 0% used [0x00000000eb000000,0x00000000eb000000,0x00000000eb100000)
 ParOldGen       total 104448K, used 81649K [0x00000000c0000000, 0x00000000c6600000, 0x00000000eab00000)
  object space 104448K, 78% used [0x00000000c0000000,0x00000000c4fbc6e8,0x00000000c6600000)
 Metaspace       used 73146K, committed 74240K, reserved 1122304K
  class space    used 7546K, committed 8064K, reserved 1048576K
}
Event: 105.745 GC heap before
{Heap before GC invocations=115 (full 7):
 PSYoungGen      total 4096K, used 4096K [0x00000000eab00000, 0x00000000eb100000, 0x0000000100000000)
  eden space 3072K, 100% used [0x00000000eab00000,0x00000000eae00000,0x00000000eae00000)
  from space 1024K, 100% used [0x00000000eaf00000,0x00000000eb000000,0x00000000eb000000)
  to   space 1024K, 0% used [0x00000000eb000000,0x00000000eb000000,0x00000000eb100000)
 ParOldGen       total 104448K, used 81649K [0x00000000c0000000, 0x00000000c6600000, 0x00000000eab00000)
  object space 104448K, 78% used [0x00000000c0000000,0x00000000c4fbc6e8,0x00000000c6600000)
 Metaspace       used 73149K, committed 74240K, reserved 1122304K
  class space    used 7547K, committed 8064K, reserved 1048576K
}
Event: 105.755 GC heap after
{Heap after GC invocations=115 (full 7):
 PSYoungGen      total 4096K, used 1024K [0x00000000eab00000, 0x00000000eb100000, 0x0000000100000000)
  eden space 3072K, 0% used [0x00000000eab00000,0x00000000eab00000,0x00000000eae00000)
  from space 1024K, 100% used [0x00000000eb000000,0x00000000eb100000,0x00000000eb100000)
  to   space 1024K, 0% used [0x00000000eaf00000,0x00000000eaf00000,0x00000000eb000000)
 ParOldGen       total 104448K, used 84697K [0x00000000c0000000, 0x00000000c6600000, 0x00000000eab00000)
  object space 104448K, 81% used [0x00000000c0000000,0x00000000c52b66e8,0x00000000c6600000)
 Metaspace       used 73149K, committed 74240K, reserved 1122304K
  class space    used 7547K, committed 8064K, reserved 1048576K
}

Deoptimization events (20 events):
Event: 65.107 Thread 0x000001e676b601e0 DEOPT PACKING pc=0x000001e60157a5fd sp=0x000000727b8fd200
Event: 65.107 Thread 0x000001e676b601e0 DEOPT UNPACKING pc=0x000001e600052843 sp=0x000000727b8fc6b8 mode 0
Event: 98.647 Thread 0x000001e676b636d0 DEOPT PACKING pc=0x000001e600bbc5db sp=0x000000727bafcff0
Event: 98.647 Thread 0x000001e676b636d0 DEOPT UNPACKING pc=0x000001e600052843 sp=0x000000727bafc450 mode 0
Event: 98.666 Thread 0x000001e676b636d0 Uncommon trap: trap_request=0xffffffbe fr.pc=0x000001e607ff8380 relative=0x00000000000001e0
Event: 98.666 Thread 0x000001e676b636d0 Uncommon trap: reason=profile_predicate action=maybe_recompile pc=0x000001e607ff8380 method=java.util.HashMap.keysToArray([Ljava/lang/Object;)[Ljava/lang/Object; @ 48 c2
Event: 98.666 Thread 0x000001e676b636d0 DEOPT PACKING pc=0x000001e607ff8380 sp=0x000000727bafd480
Event: 98.667 Thread 0x000001e676b636d0 DEOPT UNPACKING pc=0x000001e6000520a3 sp=0x000000727bafd408 mode 2
Event: 98.667 Thread 0x000001e676b636d0 Uncommon trap: trap_request=0xffffffbe fr.pc=0x000001e607ff8380 relative=0x00000000000001e0
Event: 98.667 Thread 0x000001e676b636d0 Uncommon trap: reason=profile_predicate action=maybe_recompile pc=0x000001e607ff8380 method=java.util.HashMap.keysToArray([Ljava/lang/Object;)[Ljava/lang/Object; @ 48 c2
Event: 98.667 Thread 0x000001e676b636d0 DEOPT PACKING pc=0x000001e607ff8380 sp=0x000000727bafd480
Event: 98.667 Thread 0x000001e676b636d0 DEOPT UNPACKING pc=0x000001e6000520a3 sp=0x000000727bafd408 mode 2
Event: 98.668 Thread 0x000001e676b636d0 Uncommon trap: trap_request=0xffffffbe fr.pc=0x000001e607df3e58 relative=0x00000000000002b8
Event: 98.668 Thread 0x000001e676b636d0 Uncommon trap: reason=profile_predicate action=maybe_recompile pc=0x000001e607df3e58 method=java.util.HashMap.keysToArray([Ljava/lang/Object;)[Ljava/lang/Object; @ 32 c2
Event: 98.668 Thread 0x000001e676b636d0 DEOPT PACKING pc=0x000001e607df3e58 sp=0x000000727bafd460
Event: 98.668 Thread 0x000001e676b636d0 DEOPT UNPACKING pc=0x000001e6000520a3 sp=0x000000727bafd410 mode 2
Event: 105.678 Thread 0x000001e676b636d0 Uncommon trap: trap_request=0xfffffff4 fr.pc=0x000001e60800c288 relative=0x0000000000000668
Event: 105.678 Thread 0x000001e676b636d0 Uncommon trap: reason=null_check action=make_not_entrant pc=0x000001e60800c288 method=org.eclipse.core.internal.resources.Resource.equals(Ljava/lang/Object;)Z @ 8 c2
Event: 105.678 Thread 0x000001e676b636d0 DEOPT PACKING pc=0x000001e60800c288 sp=0x000000727bafe180
Event: 105.678 Thread 0x000001e676b636d0 DEOPT UNPACKING pc=0x000001e6000520a3 sp=0x000000727bafe0b8 mode 2

Classes unloaded (0 events):
No events

Classes redefined (0 events):
No events

Internal exceptions (20 events):
Event: 105.774 Thread 0x000001e676b636d0 Implicit null exception at 0x000001e6013f3951 to 0x000001e6013f3aa5
Event: 105.774 Thread 0x000001e676b636d0 Exception <a 'java/lang/NullPointerException'{0x00000000eabf7448}> (0x00000000eabf7448) 
thrown [e:\jenkins\tmp\workspace\build\src\src\hotspot\share\runtime\sharedRuntime.cpp, line 628]
Event: 105.774 Thread 0x000001e676b636d0 Implicit null exception at 0x000001e6013f3951 to 0x000001e6013f3aa5
Event: 105.774 Thread 0x000001e676b636d0 Exception <a 'java/lang/NullPointerException'{0x00000000eabf8cf8}> (0x00000000eabf8cf8) 
thrown [e:\jenkins\tmp\workspace\build\src\src\hotspot\share\runtime\sharedRuntime.cpp, line 628]
Event: 105.774 Thread 0x000001e676b636d0 Implicit null exception at 0x000001e6013f3951 to 0x000001e6013f3aa5
Event: 105.774 Thread 0x000001e676b636d0 Exception <a 'java/lang/NullPointerException'{0x00000000eabf9450}> (0x00000000eabf9450) 
thrown [e:\jenkins\tmp\workspace\build\src\src\hotspot\share\runtime\sharedRuntime.cpp, line 628]
Event: 105.774 Thread 0x000001e676b636d0 Implicit null exception at 0x000001e6013f3951 to 0x000001e6013f3aa5
Event: 105.774 Thread 0x000001e676b636d0 Exception <a 'java/lang/NullPointerException'{0x00000000eabf9bd8}> (0x00000000eabf9bd8) 
thrown [e:\jenkins\tmp\workspace\build\src\src\hotspot\share\runtime\sharedRuntime.cpp, line 628]
Event: 105.774 Thread 0x000001e676b636d0 Implicit null exception at 0x000001e6013f3951 to 0x000001e6013f3aa5
Event: 105.774 Thread 0x000001e676b636d0 Exception <a 'java/lang/NullPointerException'{0x00000000eabfa180}> (0x00000000eabfa180) 
thrown [e:\jenkins\tmp\workspace\build\src\src\hotspot\share\runtime\sharedRuntime.cpp, line 628]
Event: 105.774 Thread 0x000001e676b636d0 Implicit null exception at 0x000001e6013f3951 to 0x000001e6013f3aa5
Event: 105.774 Thread 0x000001e676b636d0 Exception <a 'java/lang/NullPointerException'{0x00000000eabfa7a8}> (0x00000000eabfa7a8) 
thrown [e:\jenkins\tmp\workspace\build\src\src\hotspot\share\runtime\sharedRuntime.cpp, line 628]
Event: 105.774 Thread 0x000001e676b636d0 Implicit null exception at 0x000001e6013f3951 to 0x000001e6013f3aa5
Event: 105.774 Thread 0x000001e676b636d0 Exception <a 'java/lang/NullPointerException'{0x00000000eabfc0c8}> (0x00000000eabfc0c8) 
thrown [e:\jenkins\tmp\workspace\build\src\src\hotspot\share\runtime\sharedRuntime.cpp, line 628]
Event: 105.774 Thread 0x000001e676b636d0 Implicit null exception at 0x000001e6013f3951 to 0x000001e6013f3aa5
Event: 105.774 Thread 0x000001e676b636d0 Exception <a 'java/lang/NullPointerException'{0x00000000eabfc888}> (0x00000000eabfc888) 
thrown [e:\jenkins\tmp\workspace\build\src\src\hotspot\share\runtime\sharedRuntime.cpp, line 628]
Event: 105.774 Thread 0x000001e676b636d0 Implicit null exception at 0x000001e6013f3951 to 0x000001e6013f3aa5
Event: 105.774 Thread 0x000001e676b636d0 Exception <a 'java/lang/NullPointerException'{0x00000000eabfce30}> (0x00000000eabfce30) 
thrown [e:\jenkins\tmp\workspace\build\src\src\hotspot\share\runtime\sharedRuntime.cpp, line 628]
Event: 105.774 Thread 0x000001e676b636d0 Implicit null exception at 0x000001e6013f3951 to 0x000001e6013f3aa5
Event: 105.774 Thread 0x000001e676b636d0 Exception <a 'java/lang/NullPointerException'{0x00000000eabfd458}> (0x00000000eabfd458) 
thrown [e:\jenkins\tmp\workspace\build\src\src\hotspot\share\runtime\sharedRuntime.cpp, line 628]

VM Operations (20 events):
Event: 98.448 Executing VM operation: ParallelGCFailedAllocation
Event: 98.457 Executing VM operation: ParallelGCFailedAllocation done
Event: 98.471 Executing VM operation: ParallelGCFailedAllocation
Event: 98.633 Executing VM operation: ParallelGCFailedAllocation done
Event: 98.651 Executing VM operation: ParallelGCFailedAllocation
Event: 98.653 Executing VM operation: ParallelGCFailedAllocation done
Event: 98.699 Executing VM operation: ParallelGCFailedAllocation
Event: 98.702 Executing VM operation: ParallelGCFailedAllocation done
Event: 98.715 Executing VM operation: ParallelGCFailedAllocation
Event: 98.718 Executing VM operation: ParallelGCFailedAllocation done
Event: 100.717 Executing VM operation: Cleanup
Event: 100.718 Executing VM operation: Cleanup done
Event: 105.689 Executing VM operation: ParallelGCFailedAllocation
Event: 105.691 Executing VM operation: ParallelGCFailedAllocation done
Event: 105.703 Executing VM operation: ParallelGCFailedAllocation
Event: 105.706 Executing VM operation: ParallelGCFailedAllocation done
Event: 105.717 Executing VM operation: ParallelGCFailedAllocation
Event: 105.720 Executing VM operation: ParallelGCFailedAllocation done
Event: 105.743 Executing VM operation: ParallelGCFailedAllocation
Event: 105.759 Executing VM operation: ParallelGCFailedAllocation done

Events (20 events):
Event: 34.811 loading class java/time/DateTimeException
Event: 34.811 loading class java/time/DateTimeException done
Event: 34.811 loading class java/time/chrono/IsoChronology
Event: 34.812 loading class java/time/chrono/AbstractChronology
Event: 34.813 loading class java/time/chrono/Chronology
Event: 34.814 loading class java/time/chrono/Chronology done
Event: 34.814 loading class java/time/chrono/AbstractChronology done
Event: 34.814 loading class java/time/chrono/IsoChronology done
Event: 35.022 loading class java/nio/file/FileTreeIterator
Event: 35.022 loading class java/nio/file/FileTreeIterator done
Event: 36.984 Thread 0x000001e676320020 flushing nmethod 0x000001e607ea2410
Event: 36.990 Thread 0x000001e676320020 flushing nmethod 0x000001e600bbc210
Event: 36.995 Thread 0x000001e676320020 flushing nmethod 0x000001e60103fc10
Event: 37.002 Thread 0x000001e676320020 flushing nmethod 0x000001e601710290
Event: 37.002 Thread 0x000001e676320020 flushing nmethod 0x000001e6017a5a90
Event: 37.003 Thread 0x000001e676320020 flushing nmethod 0x000001e601837f10
Event: 37.003 Thread 0x000001e676320020 flushing nmethod 0x000001e60184fa10
Event: 93.903 Thread 0x000001e67798b870 Thread exited: 0x000001e67798b870
Event: 93.903 Thread 0x000001e67798a060 Thread exited: 0x000001e67798a060
Event: 94.877 Thread 0x000001e67798d080 Thread exited: 0x000001e67798d080


Dynamic libraries:
0x00007ff668120000 - 0x00007ff66812e000 	c:\Users\Tan\.vscode\extensions\redhat.java-1.3.0\jre\17.0.1-win32-x86_64\bin\java.exe
0x00007fffa5cf0000 - 0x00007fffa5ee5000 	C:\WINDOWS\SYSTEM32\ntdll.dll
0x00007fffa5490000 - 0x00007fffa554e000 	C:\WINDOWS\System32\KERNEL32.DLL
0x00007fffa3580000 - 0x00007fffa3848000 	C:\WINDOWS\System32\KERNELBASE.dll
0x00007fffa39e0000 - 0x00007fffa3ae0000 	C:\WINDOWS\System32\ucrtbase.dll
0x00007fff95a90000 - 0x00007fff95aa9000 	c:\Users\Tan\.vscode\extensions\redhat.java-1.3.0\jre\17.0.1-win32-x86_64\bin\VCRUNTIME140.dll
0x00007fff9cb20000 - 0x00007fff9cb38000 	c:\Users\Tan\.vscode\extensions\redhat.java-1.3.0\jre\17.0.1-win32-x86_64\bin\jli.dll
0x00007fffa5550000 - 0x00007fffa56f0000 	C:\WINDOWS\System32\USER32.dll
0x00007fffa3850000 - 0x00007fffa3872000 	C:\WINDOWS\System32\win32u.dll
0x00007fffa5b40000 - 0x00007fffa5b6b000 	C:\WINDOWS\System32\GDI32.dll
0x00007fffa3470000 - 0x00007fffa357d000 	C:\WINDOWS\System32\gdi32full.dll
0x00007fffa3ca0000 - 0x00007fffa3d3d000 	C:\WINDOWS\System32\msvcp_win.dll
0x00007fff93010000 - 0x00007fff932aa000 	C:\WINDOWS\WinSxS\amd64_microsoft.windows.common-controls_6595b64144ccf1df_6.0.19041.1110_none_60b5254171f9507e\COMCTL32.dll
0x00007fffa5370000 - 0x00007fffa540e000 	C:\WINDOWS\System32\msvcrt.dll
0x00007fffa3d40000 - 0x00007fffa3d70000 	C:\WINDOWS\System32\IMM32.DLL
0x00007fff9ee10000 - 0x00007fff9ee1c000 	c:\Users\Tan\.vscode\extensions\redhat.java-1.3.0\jre\17.0.1-win32-x86_64\bin\vcruntime140_1.dll
0x00007fff7a490000 - 0x00007fff7a521000 	c:\Users\Tan\.vscode\extensions\redhat.java-1.3.0\jre\17.0.1-win32-x86_64\bin\msvcp140.dll
0x00007fff41320000 - 0x00007fff41f66000 	c:\Users\Tan\.vscode\extensions\redhat.java-1.3.0\jre\17.0.1-win32-x86_64\bin\server\jvm.dll
0x00007fffa5b70000 - 0x00007fffa5c1e000 	C:\WINDOWS\System32\ADVAPI32.dll
0x00007fffa3e40000 - 0x00007fffa3edc000 	C:\WINDOWS\System32\sechost.dll
0x00007fffa4660000 - 0x00007fffa4785000 	C:\WINDOWS\System32\RPCRT4.dll
0x00007fffa4650000 - 0x00007fffa4658000 	C:\WINDOWS\System32\PSAPI.DLL
0x00007fff9d2e0000 - 0x00007fff9d2e9000 	C:\WINDOWS\SYSTEM32\WSOCK32.dll
0x00007fffa5420000 - 0x00007fffa548b000 	C:\WINDOWS\System32\WS2_32.dll
0x00007fff98c30000 - 0x00007fff98c57000 	C:\WINDOWS\SYSTEM32\WINMM.dll
0x00007fff98c60000 - 0x00007fff98c6a000 	C:\WINDOWS\SYSTEM32\VERSION.dll
0x00007fffa12f0000 - 0x00007fffa1302000 	C:\WINDOWS\SYSTEM32\kernel.appcore.dll
0x00007fff9e190000 - 0x00007fff9e19a000 	c:\Users\Tan\.vscode\extensions\redhat.java-1.3.0\jre\17.0.1-win32-x86_64\bin\jimage.dll
0x00007fff99d10000 - 0x00007fff99ef4000 	C:\WINDOWS\SYSTEM32\DBGHELP.DLL
0x00007fff8ee70000 - 0x00007fff8ee9c000 	C:\WINDOWS\SYSTEM32\dbgcore.DLL
0x00007fffa3b10000 - 0x00007fffa3b92000 	C:\WINDOWS\System32\bcryptPrimitives.dll
0x00007fff9b9d0000 - 0x00007fff9b9de000 	c:\Users\Tan\.vscode\extensions\redhat.java-1.3.0\jre\17.0.1-win32-x86_64\bin\instrument.dll
0x00007fff91b20000 - 0x00007fff91b45000 	c:\Users\Tan\.vscode\extensions\redhat.java-1.3.0\jre\17.0.1-win32-x86_64\bin\java.dll
0x00007fff91b00000 - 0x00007fff91b18000 	c:\Users\Tan\.vscode\extensions\redhat.java-1.3.0\jre\17.0.1-win32-x86_64\bin\zip.dll
0x00007fffa3ee0000 - 0x00007fffa4624000 	C:\WINDOWS\System32\SHELL32.dll
0x00007fffa14f0000 - 0x00007fffa1c84000 	C:\WINDOWS\SYSTEM32\windows.storage.dll
0x00007fffa48f0000 - 0x00007fffa4c45000 	C:\WINDOWS\System32\combase.dll
0x00007fffa2de0000 - 0x00007fffa2e0e000 	C:\WINDOWS\SYSTEM32\Wldp.dll
0x00007fffa59d0000 - 0x00007fffa5a7d000 	C:\WINDOWS\System32\SHCORE.dll
0x00007fffa5ae0000 - 0x00007fffa5b35000 	C:\WINDOWS\System32\shlwapi.dll
0x00007fffa3340000 - 0x00007fffa335f000 	C:\WINDOWS\SYSTEM32\profapi.dll
0x00007fff91ae0000 - 0x00007fff91af9000 	C:\Users\Tan\.vscode\extensions\redhat.java-1.3.0\jre\17.0.1-win32-x86_64\bin\net.dll
0x00007fff966e0000 - 0x00007fff967ec000 	C:\WINDOWS\SYSTEM32\WINHTTP.dll
0x00007fffa2ae0000 - 0x00007fffa2b4a000 	C:\WINDOWS\system32\mswsock.dll
0x00007fff91ac0000 - 0x00007fff91ad5000 	C:\Users\Tan\.vscode\extensions\redhat.java-1.3.0\jre\17.0.1-win32-x86_64\bin\nio.dll
0x00007fff81310000 - 0x00007fff81320000 	c:\Users\Tan\.vscode\extensions\redhat.java-1.3.0\jre\17.0.1-win32-x86_64\bin\verify.dll
0x00007fffa2cd0000 - 0x00007fffa2ce8000 	C:\WINDOWS\SYSTEM32\CRYPTSP.dll
0x00007fffa2460000 - 0x00007fffa2494000 	C:\WINDOWS\system32\rsaenh.dll
0x00007fffa3ae0000 - 0x00007fffa3b07000 	C:\WINDOWS\System32\bcrypt.dll
0x00007fffa32c0000 - 0x00007fffa32ee000 	C:\WINDOWS\SYSTEM32\USERENV.dll
0x00007fffa2cf0000 - 0x00007fffa2cfc000 	C:\WINDOWS\SYSTEM32\CRYPTBASE.dll
0x00007fffa27d0000 - 0x00007fffa280b000 	C:\WINDOWS\SYSTEM32\IPHLPAPI.DLL
0x00007fffa5410000 - 0x00007fffa5418000 	C:\WINDOWS\System32\NSI.dll
0x00007fff98e90000 - 0x00007fff98ea7000 	C:\WINDOWS\SYSTEM32\dhcpcsvc6.DLL
0x00007fff98e30000 - 0x00007fff98e4d000 	C:\WINDOWS\SYSTEM32\dhcpcsvc.DLL
0x00007fffa2810000 - 0x00007fffa28db000 	C:\WINDOWS\SYSTEM32\DNSAPI.dll
0x00007fff92720000 - 0x00007fff9275e000 	C:\Users\Tan\AppData\Roaming\Code\User\globalStorage\redhat.java\1.3.0\config_win\org.eclipse.equinox.launcher\org.eclipse.equinox.launcher.win32.win32.x86_64_1.2.400.v20211117-0650\eclipse_11602.dll
0x00007fffa56f0000 - 0x00007fffa581a000 	C:\WINDOWS\System32\ole32.dll
0x00007fff91b70000 - 0x00007fff91b81000 	C:\Users\Tan\AppData\Roaming\Code\User\globalStorage\redhat.java\1.3.0\config_win\org.eclipse.osgi\22\0\.cp\jWinHttp-1.0.0.dll

dbghelp: loaded successfully - version: 4.0.5 - missing functions: none
symbol engine: initialized successfully - sym options: 0x614 - pdb path: .;c:\Users\Tan\.vscode\extensions\redhat.java-1.3.0\jre\17.0.1-win32-x86_64\bin;C:\WINDOWS\SYSTEM32;C:\WINDOWS\WinSxS\amd64_microsoft.windows.common-controls_6595b64144ccf1df_6.0.19041.1110_none_60b5254171f9507e;c:\Users\Tan\.vscode\extensions\redhat.java-1.3.0\jre\17.0.1-win32-x86_64\bin\server;C:\Users\Tan\AppData\Roaming\Code\User\globalStorage\redhat.java\1.3.0\config_win\org.eclipse.equinox.launcher\org.eclipse.equinox.launcher.win32.win32.x86_64_1.2.400.v20211117-0650;C:\Users\Tan\AppData\Roaming\Code\User\globalStorage\redhat.java\1.3.0\config_win\org.eclipse.osgi\22\0\.cp

VM Arguments:
jvm_args: --add-modules=ALL-SYSTEM --add-opens=java.base/java.util=ALL-UNNAMED --add-opens=java.base/java.lang=ALL-UNNAMED --add-opens=java.base/sun.nio.fs=ALL-UNNAMED -Declipse.application=org.eclipse.jdt.ls.core.id1 -Dosgi.bundles.defaultStartLevel=4 -Declipse.product=org.eclipse.jdt.ls.core.product -Djava.import.generatesMetadataFilesAtProjectRoot=false -Dfile.encoding=utf8 -DwatchParentProcess=false -XX:+UseParallelGC -XX:GCTimeRatio=4 -XX:AdaptiveSizePolicyWeight=90 -Dsun.zip.disableMemoryMapping=true -Xmx1G -Xms100m -javaagent:c:\Users\Tan\.vscode\extensions\gabrielbb.vscode-lombok-1.0.1\server\lombok.jar -XX:+HeapDumpOnOutOfMemoryError -XX:HeapDumpPath=c:\Users\Tan\AppData\Roaming\Code\User\workspaceStorage\f7efcb3a16af17adf86edc57600d5e01\redhat.java 
java_command: c:\Users\Tan\.vscode\extensions\redhat.java-1.3.0\server\plugins\org.eclipse.equinox.launcher_1.6.400.v20210924-0641.jar -configuration c:\Users\Tan\AppData\Roaming\Code\User\globalStorage\redhat.java\1.3.0\config_win -data c:\Users\Tan\AppData\Roaming\Code\User\workspaceStorage\f7efcb3a16af17adf86edc57600d5e01\redhat.java\jdt_ws
java_class_path (initial): c:\Users\Tan\.vscode\extensions\redhat.java-1.3.0\server\plugins\org.eclipse.equinox.launcher_1.6.400.v20210924-0641.jar
Launcher Type: SUN_STANDARD

[Global flags]
    uintx AdaptiveSizePolicyWeight                 = 90                                        {product} {command line}
     intx CICompilerCount                          = 3                                         {product} {ergonomic}
    uintx GCTimeRatio                              = 4                                         {product} {command line}
     bool HeapDumpOnOutOfMemoryError               = true                                   {manageable} {command line}
    ccstr HeapDumpPath                             = c:\Users\Tan\AppData\Roaming\Code\User\workspaceStorage\f7efcb3a16af17adf86edc57600d5e01\redhat.java         {manageable} {command line}
   size_t InitialHeapSize                          = 104857600                                 {product} {command line}
   size_t MaxHeapSize                              = 1073741824                                {product} {command line}
   size_t MaxNewSize                               = 357564416                                 {product} {ergonomic}
   size_t MinHeapDeltaBytes                        = 524288                                    {product} {ergonomic}
   size_t MinHeapSize                              = 104857600                                 {product} {command line}
   size_t NewSize                                  = 34603008                                  {product} {ergonomic}
    uintx NonNMethodCodeHeapSize                   = 5832780                                {pd product} {ergonomic}
    uintx NonProfiledCodeHeapSize                  = 122912730                              {pd product} {ergonomic}
   size_t OldSize                                  = 70254592                                  {product} {ergonomic}
    uintx ProfiledCodeHeapSize                     = 122912730                              {pd product} {ergonomic}
    uintx ReservedCodeCacheSize                    = 251658240                              {pd product} {ergonomic}
     bool SegmentedCodeCache                       = true                                      {product} {ergonomic}
   size_t SoftMaxHeapSize                          = 1073741824                             {manageable} {ergonomic}
     bool UseCompressedClassPointers               = true                           {product lp64_product} {ergonomic}
     bool UseCompressedOops                        = true                           {product lp64_product} {ergonomic}
     bool UseLargePagesIndividualAllocation        = false                                  {pd product} {ergonomic}
     bool UseParallelGC                            = true                                      {product} {command line}

Logging:
Log output configuration:
 #0: stdout all=warning uptime,level,tags
 #1: stderr all=off uptime,level,tags

Environment Variables:
JAVA_HOME=C:\Program Files\Java\jdk-11.0.13
PATH=C:\Program Files (x86)\VMware\VMware Workstation\bin\;C:\Program Files (x86)\Common Files\Oracle\Java\javapath;C:\WINDOWS\system32;C:\WINDOWS;C:\WINDOWS\System32\Wbem;C:\WINDOWS\System32\WindowsPowerShell\v1.0\;C:\WINDOWS\System32\OpenSSH\;C:\maven\bin;C:\Program Files\Git\cmd;C:\Program Files\nodejs\;C:\Program Files (x86)\HP\Common\HPDestPlgIn\;C:\Program Files\Java\jdk-11.0.13\bin;C:\Users\Tan\AppData\Local\Microsoft\WindowsApps;C:\Users\Tan\AppData\Roaming\npm;C:\Program Files (x86)\HP\Common\HPDestPlgIn\;C:\Users\Tan\AppData\Local\Programs\Microsoft VS Code\bin
USERNAME=Tan
OS=Windows_NT
PROCESSOR_IDENTIFIER=AMD64 Family 23 Model 24 Stepping 1, AuthenticAMD



---------------  S Y S T E M  ---------------

OS:
 Windows 10 , 64 bit Build 19041 (10.0.19041.1503)
OS uptime: 0 days 0:42 hours

CPU: total 4 (initial active 4) (4 cores per cpu, 2 threads per core) family 23 model 24 stepping 1 microcode 0x0, cx8, cmov, fxsr, ht, mmx, 3dnowpref, sse, sse2, sse3, ssse3, sse4a, sse4.1, sse4.2, popcnt, lzcnt, tsc, tscinvbit, avx, avx2, aes, clmul, bmi1, bmi2, adx, sha, fma, vzeroupper, clflush, clflushopt

Memory: 4k page, system-wide physical 6030M (375M free)
TotalPageFile size 24462M (AvailPageFile size 0M)
current process WorkingSet (physical memory assigned to process): 214M, peak: 313M
current process commit charge ("private bytes"): 315M, peak: 363M

vm_info: OpenJDK 64-Bit Server VM (17.0.1+12) for windows-amd64 JRE (17.0.1+12), built on Oct 20 2021 07:42:55 by "" with MS VC++ 16.7 (VS2019)

END.
